2019-08-21 10:25:39|   0.2|  0.2|INFORM|FME 2018.0.1.1 (20180615 - Build 18312 - WIN64)
2019-08-21 10:25:39|   0.2|  0.0|INFORM|FME_HOME is 'C:\Program Files\FME\'
2019-08-21 10:25:39|   0.2|  0.0|INFORM|FME Professional Edition (node locked-crc)
2019-08-21 10:25:39|   0.2|  0.0|INFORM|Serial Number: 5PCD-C77Q-11YL
2019-08-21 10:25:39|   0.2|  0.0|INFORM|Permanent License.
2019-08-21 10:25:39|   0.2|  0.0|INFORM|Machine host name is: PC-SIG-DRC
2019-08-21 10:25:39|   0.2|  0.0|INFORM|START - ProcessID: 2992, peak process memory usage: 27292 kB, current process memory usage: 27176 kB
2019-08-21 10:25:39|   0.2|  0.0|INFORM|FME Configuration: Command line arguments are `C:\Program Files\FME\fme.exe' `D:/SIG/Dropbox (Vélo&Territoires)/1_ON3V/NAS/06_CARTES_ANALYSE_ON3V/Enquête_Territoires/2019/dossier Qgis/couche ADMIN/CARTE_ENKTER\wb-xlate-156637592496_11192' `LOG_STANDARDOUT' `YES' `LogCountServerName' `{b365ab5e-552b-430a-abcc-ea178a7f3b73}'
2019-08-21 10:25:39|   0.2|  0.0|INFORM|FME Configuration: Connection Storage: 'C:\Users\SIG\AppData\Roaming\Safe Software\FME\'
2019-08-21 10:25:39|   0.3|  0.1|INFORM|Shared folders for formats are : C:\Program Files\FME\datasources;C:\Users\SIG\Documents\FME\Formats
2019-08-21 10:25:39|   0.3|  0.0|INFORM|Shared folders for transformers are : C:\Users\SIG\AppData\Roaming\Safe Software\FME\Packages\18312-win64\transformers;C:\Program Files\FME\transformers;C:\Users\SIG\Documents\FME\Transformers;C:\Users\SIG\AppData\Roaming\Safe Software\FME\FME Store\Transformers
2019-08-21 10:25:39|   0.3|  0.0|INFORM|Shared folders for coordinate systems are : C:\Users\SIG\Documents\FME\CoordinateSystems
2019-08-21 10:25:39|   0.3|  0.0|INFORM|Shared folders for coordinate system exceptions are : C:\Users\SIG\Documents\FME\CoordinateSystemExceptions
2019-08-21 10:25:39|   0.3|  0.0|INFORM|Shared folders for coordinate system grid overrides are : C:\Users\SIG\Documents\FME\CoordinateSystemGridOverrides
2019-08-21 10:25:39|   0.3|  0.0|INFORM|Shared folders for CS-MAP transformation exceptions are : C:\Users\SIG\Documents\FME\CsmapTransformationExceptions
2019-08-21 10:25:39|   0.3|  0.0|INFORM|Shared folders for transformer categories are : C:\Users\SIG\Documents\FME\TransformerCategories
2019-08-21 10:25:39|   0.3|  0.0|INFORM|FME Configuration: Reader Keyword is `MULTI_READER'
2019-08-21 10:25:39|   0.3|  0.0|INFORM|FME Configuration: Writer Keyword is `MULTI_WRITER'
2019-08-21 10:25:39|   0.3|  0.0|INFORM|FME Configuration: Writer Group Definition Keyword is `MULTI_WRITER_DEF'
2019-08-21 10:25:39|   0.3|  0.0|INFORM|FME Configuration: Reader type is `MULTI_READER'
2019-08-21 10:25:39|   0.3|  0.0|INFORM|FME Configuration: Writer type is `MULTI_WRITER'
2019-08-21 10:25:39|   0.3|  0.0|INFORM|FME Configuration: No destination coordinate system set
2019-08-21 10:25:39|   0.3|  0.0|INFORM|FME Configuration: Current working folder is `D:\SIG\Dropbox (Vélo&Territoires)\1_ON3V\NAS\06_CARTES_ANALYSE_ON3V\Enquête_Territoires\2019\dossier Qgis\couche ADMIN\CARTE_ENKTER'
2019-08-21 10:25:39|   0.3|  0.0|INFORM|FME Configuration: Temporary folder is `C:\Users\SIG\AppData\Local\Temp', set from environment variable `TEMP'
2019-08-21 10:25:39|   0.3|  0.0|INFORM|FME Configuration: FME_HOME is `C:\Program Files\FME\'
2019-08-21 10:25:39|   0.3|  0.0|INFORM|FME Configuration: FME_BASE is 'no'
2019-08-21 10:25:39|   0.3|  0.0|INFORM|FME Configuration: FME_MF_DIR is 'D:\SIG\Dropbox (Vélo&Territoires)\1_ON3V\NAS\06_CARTES_ANALYSE_ON3V\Enquête_Territoires\2019\dossier Qgis\couche ADMIN\CARTE_ENKTER/'
2019-08-21 10:25:39|   0.3|  0.0|INFORM|FME Configuration: FME_MF_NAME is 'Traitement.fmw'
2019-08-21 10:25:39|   0.3|  0.0|INFORM|FME Configuration: FME_PRODUCT_NAME is 'FME(R) 2018.0.1.1'
2019-08-21 10:25:39|   0.3|  0.0|INFORM|System Status: 10.67 GB of disk space available in the FME temporary folder (C:\Users\SIG\AppData\Local\Temp)
2019-08-21 10:25:39|   0.3|  0.0|INFORM|System Status: 128.00 TB of virtual memory available
2019-08-21 10:25:39|   0.3|  0.0|INFORM|Operating System: Microsoft Windows 10 64-bit  (Build 17134)
2019-08-21 10:25:39|   0.3|  0.0|INFORM|FME Platform: WIN64
2019-08-21 10:25:39|   0.3|  0.0|INFORM|Locale: fr_FR
2019-08-21 10:25:39|   0.3|  0.0|INFORM|Code Page: 1252  (ANSI - latin I)
2019-08-21 10:25:39|   0.3|  0.0|INFORM|FME Configuration: Process limit is 5.98 GB of physical memory
2019-08-21 10:25:39|   0.3|  0.0|INFORM|FME Configuration: Start freeing memory when process usage exceeds 17.95 GB of virtual memory
2019-08-21 10:25:39|   0.3|  0.0|INFORM|FME Configuration: Stop freeing memory when process usage is below 13.46 GB of virtual memory
2019-08-21 10:25:40|   0.4|  0.1|INFORM|Creating writer for format: 
2019-08-21 10:25:40|   0.4|  0.0|INFORM|Creating reader for format: 
2019-08-21 10:25:40|   0.4|  0.0|INFORM|MULTI_READER(MULTI_READER): Will fail with first member reader failure
2019-08-21 10:25:40|   0.4|  0.0|INFORM|MULTI_READER(MULTI_READER): Adding XLSXR Reader with keyword XLSXR_1
2019-08-21 10:25:40|   0.4|  0.0|INFORM|MULTI_READER(MULTI_READER): Adding ESRISHAPE Reader with keyword ESRISHAPE_1
2019-08-21 10:25:40|   0.4|  0.0|INFORM|MULTI_READER(MULTI_READER): Adding ESRISHAPE Reader with keyword ESRISHAPE_2
2019-08-21 10:25:40|   0.4|  0.0|INFORM|MULTI_READER(MULTI_READER): Adding ESRISHAPE Reader with keyword ESRISHAPE_3
2019-08-21 10:25:40|   0.4|  0.0|INFORM|Using Multi Reader with keyword `MULTI_READER' to read multiple datasets
2019-08-21 10:25:40|   0.4|  0.0|INFORM|Creating reader for format: Microsoft Excel
2019-08-21 10:25:40|   0.4|  0.0|INFORM|Trying to find a DYNAMIC plugin for reader named `XLSXR'
2019-08-21 10:25:40|   0.4|  0.0|INFORM|Loaded module 'XLSXR' from file 'C:\Program Files\FME\plugins/xlsx.dll'
2019-08-21 10:25:40|   0.4|  0.0|INFORM|FME API version of module 'XLSXR' matches current internal version (3.8 20180209)
2019-08-21 10:25:40|   0.4|  0.0|INFORM|Using MultiWriter with keyword `MULTI_WRITER' to output data (ID_ATTRIBUTE is `multi_writer_id')
2019-08-21 10:25:40|   0.4|  0.0|INFORM|Writer output will be ordered by value of multi_writer_id
2019-08-21 10:25:40|   0.4|  0.0|INFORM|Loaded module 'LogCount_func' from file 'C:\Program Files\FME\plugins/LogCount_func.dll'
2019-08-21 10:25:40|   0.4|  0.0|INFORM|FME API version of module 'LogCount_func' matches current internal version (3.8 20180209)
2019-08-21 10:25:40|   0.5|  0.0|INFORM|Loaded module 'FeatureJoinerFactory' from file 'C:\Program Files\FME\plugins/FeatureJoinerFactory.dll'
2019-08-21 10:25:40|   0.5|  0.0|INFORM|FME API version of module 'FeatureJoinerFactory' matches current internal version (3.8 20180209)
2019-08-21 10:25:40|   0.5|  0.0|INFORM|FME Configuration: Using FME Reprojection Engine
2019-08-21 10:25:40|   0.5|  0.0|INFORM|FME API version of module 'FeatureJoinerFactory' matches current internal version (3.8 20180209)
2019-08-21 10:25:40|   0.5|  0.0|INFORM|... Last line repeated 2 times ...
2019-08-21 10:25:40|   0.5|  0.0|INFORM|Excel Reader: Output cell formulas: 'false'
2019-08-21 10:25:40|   0.5|  0.0|INFORM|Excel Reader: Output cell formatting: 'false'
2019-08-21 10:25:40|   0.5|  0.0|INFORM|Excel Reader: Output cell comments: 'false'
2019-08-21 10:25:40|   0.5|  0.0|INFORM|Excel Reader: Force full datetime values: 'false'
2019-08-21 10:25:40|   0.5|  0.0|INFORM|Excel Reader: Opening dataset 'D:\SIG\Dropbox (Vélo&Territoires)\7_Expertise\2-Enquête Territoires\2019\02_REPONSES A L'ENQUETE\04_RESULTATS COMPLETS\2019-07-01_Résultats complets traités.xlsx'...
2019-08-21 10:25:41|   1.7|  1.3|INFORM|Excel Reader: Reading sheet 'ENQUÊTE TERRITOIRES 2019'...
2019-08-21 10:25:41|   1.7|  0.0|WARN  |Excel Reader: Renamed column 'B6a[SQ001]. Intérêt communautaire ?  [Schéma directeur cyclable]' to 'B6a_SQ001_. Intérêt communautaire ?  _Schéma directeur cyclable_' to remove the following invalid characters '<CR> <LF> { } * $ " \'
2019-08-21 10:25:41|   1.7|  0.0|WARN  |Excel Reader: Renamed column 'B6a[SQ003]. Intérêt communautaire ?  [Aménagement d’itinéraires]' to 'B6a_SQ003_. Intérêt communautaire ?  _Aménagement d’itinéraires_' to remove the following invalid characters '<CR> <LF> { } * $ " \'
2019-08-21 10:25:41|   1.7|  0.0|WARN  |Excel Reader: Renamed column 'B6a[SQ004]. Intérêt communautaire ?  [Coordination et programmation]' to 'B6a_SQ004_. Intérêt communautaire ?  _Coordination et programmation_' to remove the following invalid characters '<CR> <LF> { } * $ " \'
2019-08-21 10:25:41|   1.7|  0.0|WARN  |Excel Reader: Renamed column 'B6a[SQ005]. Intérêt communautaire ?  [Équipements]' to 'B6a_SQ005_. Intérêt communautaire ?  _Équipements_' to remove the following invalid characters '<CR> <LF> { } * $ " \'
2019-08-21 10:25:41|   1.7|  0.0|WARN  |Excel Reader: Renamed column 'C8b[SQ001]. En quelle année a-t-elle été adoptée ?  [Première adoption :]' to 'C8b_SQ001_. En quelle année a-t-elle été adoptée ?  _Première adoption :_' to remove the following invalid characters '<CR> <LF> { } * $ " \'
2019-08-21 10:25:41|   1.7|  0.0|WARN  |Excel Reader: Renamed column 'C8b[SQ001]. Première adoption ?' to 'C8b_SQ001_. Première adoption ?' to remove the following invalid characters '<CR> <LF> { } * $ " \'
2019-08-21 10:25:41|   1.7|  0.0|WARN  |Excel Reader: Renamed column 'C8b[SQ001]_ANNEE. Première adoption_année' to 'C8b_SQ001__ANNEE. Première adoption_année' to remove the following invalid characters '<CR> <LF> { } * $ " \'
2019-08-21 10:25:41|   1.7|  0.0|WARN  |Excel Reader: Renamed column 'C8b[SQ002]. En quelle année a-t-elle été adoptée ?  [Dernière mise à jour :]' to 'C8b_SQ002_. En quelle année a-t-elle été adoptée ?  _Dernière mise à jour :_' to remove the following invalid characters '<CR> <LF> { } * $ " \'
2019-08-21 10:25:41|   1.7|  0.0|WARN  |Excel Reader: Renamed column 'C8b[SQ002]. Dernière mise à jour ?' to 'C8b_SQ002_. Dernière mise à jour ?' to remove the following invalid characters '<CR> <LF> { } * $ " \'
2019-08-21 10:25:41|   1.7|  0.0|WARN  |Excel Reader: Renamed column 'C8b[SQ002]_ANNEE. Dernière mise à jour_Année' to 'C8b_SQ002__ANNEE. Dernière mise à jour_Année' to remove the following invalid characters '<CR> <LF> { } * $ " \'
2019-08-21 10:25:41|   1.7|  0.0|WARN  |Excel Reader: Renamed column 'C8c[SQ001]. Thématiques abordées ? [Économie]' to 'C8c_SQ001_. Thématiques abordées ? _Économie_' to remove the following invalid characters '<CR> <LF> { } * $ " \'
2019-08-21 10:25:41|   1.7|  0.0|WARN  |Excel Reader: Renamed column 'C8c[SQ002]. Thématiques abordées ? [Habitat]' to 'C8c_SQ002_. Thématiques abordées ? _Habitat_' to remove the following invalid characters '<CR> <LF> { } * $ " \'
2019-08-21 10:25:41|   1.7|  0.0|WARN  |Excel Reader: Renamed column 'C8c[SQ003]. Thématiques abordées ? [Infrastructure/aménagement]' to 'C8c_SQ003_. Thématiques abordées ? _Infrastructure/aménagement_' to remove the following invalid characters '<CR> <LF> { } * $ " \'
2019-08-21 10:25:41|   1.7|  0.0|WARN  |Excel Reader: Renamed column 'C8c[SQ004]. Thématiques abordées ? [Insertion]' to 'C8c_SQ004_. Thématiques abordées ? _Insertion_' to remove the following invalid characters '<CR> <LF> { } * $ " \'
2019-08-21 10:25:41|   1.7|  0.0|WARN  |Excel Reader: Renamed column 'C8c[SQ005]. Thématiques abordées ? [Micro-mobilité]' to 'C8c_SQ005_. Thématiques abordées ? _Micro-mobilité_' to remove the following invalid characters '<CR> <LF> { } * $ " \'
2019-08-21 10:25:41|   1.7|  0.0|WARN  |Excel Reader: Renamed column 'C8c[SQ006]. Thématiques abordées ? [Mobilité]' to 'C8c_SQ006_. Thématiques abordées ? _Mobilité_' to remove the following invalid characters '<CR> <LF> { } * $ " \'
2019-08-21 10:25:41|   1.7|  0.0|WARN  |Excel Reader: Renamed column 'C8c[SQ007]. Thématiques abordées ? [Qualité de l’air]' to 'C8c_SQ007_. Thématiques abordées ? _Qualité de l’air_' to remove the following invalid characters '<CR> <LF> { } * $ " \'
2019-08-21 10:25:41|   1.7|  0.0|WARN  |Excel Reader: Renamed column 'C8c[SQ008]. Thématiques abordées ? [Santé]' to 'C8c_SQ008_. Thématiques abordées ? _Santé_' to remove the following invalid characters '<CR> <LF> { } * $ " \'
2019-08-21 10:25:41|   1.7|  0.0|WARN  |Excel Reader: Renamed column 'C8c[SQ009]. Thématiques abordées ? [Scolaire]' to 'C8c_SQ009_. Thématiques abordées ? _Scolaire_' to remove the following invalid characters '<CR> <LF> { } * $ " \'
2019-08-21 10:25:41|   1.7|  0.0|WARN  |Excel Reader: Renamed column 'C8c[SQ010]. Thématiques abordées ? [Sécurité]' to 'C8c_SQ010_. Thématiques abordées ? _Sécurité_' to remove the following invalid characters '<CR> <LF> { } * $ " \'
2019-08-21 10:25:41|   1.7|  0.0|WARN  |Excel Reader: Renamed column 'C8c[SQ011]. Thématiques abordées ? [Solidarité]' to 'C8c_SQ011_. Thématiques abordées ? _Solidarité_' to remove the following invalid characters '<CR> <LF> { } * $ " \'
2019-08-21 10:25:41|   1.7|  0.0|WARN  |Excel Reader: Renamed column 'C8c[SQ012]. Thématiques abordées ? [Sport]' to 'C8c_SQ012_. Thématiques abordées ? _Sport_' to remove the following invalid characters '<CR> <LF> { } * $ " \'
2019-08-21 10:25:41|   1.7|  0.0|WARN  |Excel Reader: Renamed column 'C8c[SQ013]. Thématiques abordées ? [Stationnement]' to 'C8c_SQ013_. Thématiques abordées ? _Stationnement_' to remove the following invalid characters '<CR> <LF> { } * $ " \'
2019-08-21 10:25:41|   1.7|  0.0|WARN  |Excel Reader: Renamed column 'C8c[SQ014]. Thématiques abordées ? [Tourisme]' to 'C8c_SQ014_. Thématiques abordées ? _Tourisme_' to remove the following invalid characters '<CR> <LF> { } * $ " \'
2019-08-21 10:25:41|   1.7|  0.0|WARN  |Excel Reader: Renamed column 'C8c[other]. Thématiques abordées ? [Autre]' to 'C8c_other_. Thématiques abordées ? _Autre_' to remove the following invalid characters '<CR> <LF> { } * $ " \'
2019-08-21 10:25:41|   1.7|  0.0|WARN  |Excel Reader: Renamed column 'C8d1[SQ001]. [Union Européenne]' to 'C8d1_SQ001_. _Union Européenne_' to remove the following invalid characters '<CR> <LF> { } * $ " \'
2019-08-21 10:25:41|   1.7|  0.0|WARN  |Excel Reader: Renamed column 'C8d1[SQ002]. [État (ex : DREAL, ou autres services déconcentrés)]' to 'C8d1_SQ002_. _État (ex : DREAL, ou autres services déconcentrés)_' to remove the following invalid characters '<CR> <LF> { } * $ " \'
2019-08-21 10:25:41|   1.7|  0.0|WARN  |Excel Reader: Renamed column 'C8d1[SQ003]. [Ademe]' to 'C8d1_SQ003_. _Ademe_' to remove the following invalid characters '<CR> <LF> { } * $ " \'
2019-08-21 10:25:41|   1.7|  0.0|WARN  |Excel Reader: Renamed column 'C8d1[SQ004]. [Régions]' to 'C8d1_SQ004_. _Régions_' to remove the following invalid characters '<CR> <LF> { } * $ " \'
2019-08-21 10:25:41|   1.7|  0.0|WARN  |Excel Reader: Renamed column 'C8d1[SQ005]. [Départements]' to 'C8d1_SQ005_. _Départements_' to remove the following invalid characters '<CR> <LF> { } * $ " \'
2019-08-21 10:25:41|   1.7|  0.0|WARN  |Excel Reader: Renamed column 'C8d1[SQ006]. [Groupements de communes]' to 'C8d1_SQ006_. _Groupements de communes_' to remove the following invalid characters '<CR> <LF> { } * $ " \'
2019-08-21 10:25:41|   1.7|  0.0|WARN  |Excel Reader: Renamed column 'C8d1[SQ007]. [Communes]' to 'C8d1_SQ007_. _Communes_' to remove the following invalid characters '<CR> <LF> { } * $ " \'
2019-08-21 10:25:41|   1.7|  0.0|WARN  |Excel Reader: Renamed column 'C8d1[SQ008]. [CRT/CDT/OT ]' to 'C8d1_SQ008_. _CRT/CDT/OT _' to remove the following invalid characters '<CR> <LF> { } * $ " \'
2019-08-21 10:25:41|   1.7|  0.0|WARN  |Excel Reader: Renamed column 'C8d1[SQ009]. [Associations]' to 'C8d1_SQ009_. _Associations_' to remove the following invalid characters '<CR> <LF> { } * $ " \'
2019-08-21 10:25:41|   1.7|  0.0|WARN  |Excel Reader: Renamed column 'C8d1[SQ011]. [Entreprises]' to 'C8d1_SQ011_. _Entreprises_' to remove the following invalid characters '<CR> <LF> { } * $ " \'
2019-08-21 10:25:41|   1.7|  0.0|WARN  |Excel Reader: Renamed column 'C8d1[SQ010]. [Citoyens]' to 'C8d1_SQ010_. _Citoyens_' to remove the following invalid characters '<CR> <LF> { } * $ " \'
2019-08-21 10:25:41|   1.7|  0.0|WARN  |Excel Reader: Renamed column 'C8d1[other]. [Autre]' to 'C8d1_other_. _Autre_' to remove the following invalid characters '<CR> <LF> { } * $ " \'
2019-08-21 10:25:41|   1.7|  0.0|WARN  |Excel Reader: Renamed column 'C8e1[SQ001]. [Schéma EuroVelo]' to 'C8e1_SQ001_. _Schéma EuroVelo_' to remove the following invalid characters '<CR> <LF> { } * $ " \'
2019-08-21 10:25:41|   1.7|  0.0|WARN  |Excel Reader: Renamed column 'C8e1[SQ002]. [Schéma National Véloroutes et Voies Vertes]' to 'C8e1_SQ002_. _Schéma National Véloroutes et Voies Vertes_' to remove the following invalid characters '<CR> <LF> { } * $ " \'
2019-08-21 10:25:41|   1.7|  0.0|WARN  |Excel Reader: Renamed column 'C8e1[SQ003]. [Schéma Régional Véloroutes et Voies Vertes]' to 'C8e1_SQ003_. _Schéma Régional Véloroutes et Voies Vertes_' to remove the following invalid characters '<CR> <LF> { } * $ " \'
2019-08-21 10:25:41|   1.7|  0.0|WARN  |Excel Reader: Renamed column 'C8e1[SQ004]. [Schémas Départementaux Véloroutes et Voies Vertes]' to 'C8e1_SQ004_. _Schémas Départementaux Véloroutes et Voies Vertes_' to remove the following invalid characters '<CR> <LF> { } * $ " \'
2019-08-21 10:25:41|   1.7|  0.0|WARN  |Excel Reader: Renamed column 'C8e1[SQ005]. [Schémas intercommunaux et communaux]' to 'C8e1_SQ005_. _Schémas intercommunaux et communaux_' to remove the following invalid characters '<CR> <LF> { } * $ " \'
2019-08-21 10:25:41|   1.7|  0.0|WARN  |Excel Reader: Renamed column 'C8e1[SQ006]. [Autres schémas locaux]' to 'C8e1_SQ006_. _Autres schémas locaux_' to remove the following invalid characters '<CR> <LF> { } * $ " \'
2019-08-21 10:25:41|   1.7|  0.0|WARN  |Excel Reader: Renamed column 'C8f[filecount]. Nombre de document déposés ? ' to 'C8f_filecount_. Nombre de document déposés ? ' to remove the following invalid characters '<CR> <LF> { } * $ " \'
2019-08-21 10:25:41|   1.7|  0.0|WARN  |Excel Reader: Renamed column 'C9a[SQ001]. [EV1 | La Vélodyssée ]' to 'C9a_SQ001_. _EV1 | La Vélodyssée _' to remove the following invalid characters '<CR> <LF> { } * $ " \'
2019-08-21 10:25:41|   1.7|  0.0|WARN  |Excel Reader: Renamed column 'C9a[SQ002]. [EV3 | La Scandibérique]' to 'C9a_SQ002_. _EV3 | La Scandibérique_' to remove the following invalid characters '<CR> <LF> { } * $ " \'
2019-08-21 10:25:41|   1.7|  0.0|WARN  |Excel Reader: Renamed column 'C9a[SQ003]. [EV4]' to 'C9a_SQ003_. _EV4_' to remove the following invalid characters '<CR> <LF> { } * $ " \'
2019-08-21 10:25:41|   1.7|  0.0|WARN  |Excel Reader: Renamed column 'C9a[SQ004]. [EV5 | Via Romea (Francigena) ]' to 'C9a_SQ004_. _EV5 | Via Romea (Francigena) _' to remove the following invalid characters '<CR> <LF> { } * $ " \'
2019-08-21 10:25:41|   1.7|  0.0|WARN  |Excel Reader: Renamed column 'C9a[SQ005]. [EV6 | EuroVelo 6]' to 'C9a_SQ005_. _EV6 | EuroVelo 6_' to remove the following invalid characters '<CR> <LF> { } * $ " \'
2019-08-21 10:25:41|   1.7|  0.0|WARN  |Excel Reader: Renamed column 'C9a[SQ006]. [La Loire à vélo (partie d'EV6) ]' to 'C9a_SQ006_. _La Loire à vélo (partie d'EV6) _' to remove the following invalid characters '<CR> <LF> { } * $ " \'
2019-08-21 10:25:41|   1.7|  0.0|WARN  |Excel Reader: Renamed column 'C9a[SQ007]. [EV8 | La Méditerranée à vélo ]' to 'C9a_SQ007_. _EV8 | La Méditerranée à vélo _' to remove the following invalid characters '<CR> <LF> { } * $ " \'
2019-08-21 10:25:41|   1.7|  0.0|WARN  |Excel Reader: Renamed column 'C9a[SQ008]. [EV15 | Véloroute Rhin ]' to 'C9a_SQ008_. _EV15 | Véloroute Rhin _' to remove the following invalid characters '<CR> <LF> { } * $ " \'
2019-08-21 10:25:41|   1.7|  0.0|WARN  |Excel Reader: Renamed column 'C9a[SQ009]. [EV17 | ViaRhôna ]' to 'C9a_SQ009_. _EV17 | ViaRhôna _' to remove the following invalid characters '<CR> <LF> { } * $ " \'
2019-08-21 10:25:41|   1.7|  0.0|WARN  |Excel Reader: Renamed column 'C9a[SQ018]. [EV19 | La Meuse à vélo ]' to 'C9a_SQ018_. _EV19 | La Meuse à vélo _' to remove the following invalid characters '<CR> <LF> { } * $ " \'
2019-08-21 10:25:41|   1.7|  0.0|WARN  |Excel Reader: Renamed column 'C9a[SQ010]. [Avenue verte London-Paris (partie de la V16)]' to 'C9a_SQ010_. _Avenue verte London-Paris (partie de la V16)_' to remove the following invalid characters '<CR> <LF> { } * $ " \'
2019-08-21 10:25:41|   1.7|  0.0|WARN  |Excel Reader: Renamed column 'C9a[SQ012]. [V33 | La Seine à Vélo ]' to 'C9a_SQ012_. _V33 | La Seine à Vélo _' to remove the following invalid characters '<CR> <LF> { } * $ " \'
2019-08-21 10:25:41|   1.7|  0.0|WARN  |Excel Reader: Renamed column 'C9a[SQ013]. [V40 | La Véloscénie]' to 'C9a_SQ013_. _V40 | La Véloscénie_' to remove the following invalid characters '<CR> <LF> { } * $ " \'
2019-08-21 10:25:41|   1.7|  0.0|WARN  |Excel Reader: Renamed column 'C9a[SQ014]. [V41 | Saint-Jacques à Vélo]' to 'C9a_SQ014_. _V41 | Saint-Jacques à Vélo_' to remove the following invalid characters '<CR> <LF> { } * $ " \'
2019-08-21 10:25:41|   1.7|  0.0|WARN  |Excel Reader: Renamed column 'C9a[SQ015]. [V43 | La Vélo Francette]' to 'C9a_SQ015_. _V43 | La Vélo Francette_' to remove the following invalid characters '<CR> <LF> { } * $ " \'
2019-08-21 10:25:41|   1.7|  0.0|WARN  |Excel Reader: Renamed column 'C9a[SQ016]. [V50 | L'Échappée bleue]' to 'C9a_SQ016_. _V50 | L'Échappée bleue_' to remove the following invalid characters '<CR> <LF> { } * $ " \'
2019-08-21 10:25:41|   1.7|  0.0|WARN  |Excel Reader: Renamed column 'C9a[SQ017]. [V51 | Tour de Bourgogne à Vélo ]' to 'C9a_SQ017_. _V51 | Tour de Bourgogne à Vélo _' to remove the following invalid characters '<CR> <LF> { } * $ " \'
2019-08-21 10:25:41|   1.7|  0.0|WARN  |Excel Reader: Renamed column 'C9a[SQ019]. [V62 et V63 | Véloroutes du Sillon Alpin ]' to 'C9a_SQ019_. _V62 et V63 | Véloroutes du Sillon Alpin _' to remove the following invalid characters '<CR> <LF> { } * $ " \'
2019-08-21 10:25:41|   1.7|  0.0|WARN  |Excel Reader: Renamed column 'C9a[SQ021]. [V70]' to 'C9a_SQ021_. _V70_' to remove the following invalid characters '<CR> <LF> { } * $ " \'
2019-08-21 10:25:41|   1.7|  0.0|WARN  |Excel Reader: Renamed column 'C9a[SQ023]. [Via Fluvia | partie de la V73 ]' to 'C9a_SQ023_. _Via Fluvia | partie de la V73 _' to remove the following invalid characters '<CR> <LF> { } * $ " \'
2019-08-21 10:25:41|   1.7|  0.0|WARN  |Excel Reader: Renamed column 'C9a[SQ029]. [V80 | Canal des 2 Mers à Vélo]' to 'C9a_SQ029_. _V80 | Canal des 2 Mers à Vélo_' to remove the following invalid characters '<CR> <LF> { } * $ " \'
2019-08-21 10:25:41|   1.7|  0.0|WARN  |Excel Reader: Renamed column 'C9a[SQ024]. [V84 | Passa Païs]' to 'C9a_SQ024_. _V84 | Passa Païs_' to remove the following invalid characters '<CR> <LF> { } * $ " \'
2019-08-21 10:25:41|   1.7|  0.0|WARN  |Excel Reader: Renamed column 'C9a[SQ025]. [V86 | La Vallée du Lot à Vélo ]' to 'C9a_SQ025_. _V86 | La Vallée du Lot à Vélo _' to remove the following invalid characters '<CR> <LF> { } * $ " \'
2019-08-21 10:25:41|   1.7|  0.0|WARN  |Excel Reader: Renamed column 'C9a[SQ026]. [V92 | La Flow Vélo ]' to 'C9a_SQ026_. _V92 | La Flow Vélo _' to remove the following invalid characters '<CR> <LF> { } * $ " \'
2019-08-21 10:25:41|   1.7|  0.0|WARN  |Excel Reader: Renamed column 'C9a[SQ027]. [La Dolce Via (Ardèche)]' to 'C9a_SQ027_. _La Dolce Via (Ardèche)_' to remove the following invalid characters '<CR> <LF> { } * $ " \'
2019-08-21 10:25:41|   1.7|  0.0|WARN  |Excel Reader: Renamed column 'C9a[SQ028]. [L'Indre à Vélo (Centre Val de Loire) ]' to 'C9a_SQ028_. _L'Indre à Vélo (Centre Val de Loire) _' to remove the following invalid characters '<CR> <LF> { } * $ " \'
2019-08-21 10:25:41|   1.7|  0.0|WARN  |Excel Reader: Renamed column 'C10a[V1]. [Vélo & Territoires]' to 'C10a_V1_. _Vélo & Territoires_' to remove the following invalid characters '<CR> <LF> { } * $ " \'
2019-08-21 10:25:41|   1.7|  0.0|WARN  |Excel Reader: Renamed column 'C10a[V2]. [Club des Villes et des Territoires Cyclables]' to 'C10a_V2_. _Club des Villes et des Territoires Cyclables_' to remove the following invalid characters '<CR> <LF> { } * $ " \'
2019-08-21 10:25:41|   1.7|  0.0|WARN  |Excel Reader: Renamed column 'C10a[other]. [Autre]' to 'C10a_other_. _Autre_' to remove the following invalid characters '<CR> <LF> { } * $ " \'
2019-08-21 10:25:41|   1.7|  0.0|WARN  |Excel Reader: Renamed column 'C11a[SQ001]. Quelle délégation politique ?  [Attractivité/communication]' to 'C11a_SQ001_. Quelle délégation politique ?  _Attractivité/communication_' to remove the following invalid characters '<CR> <LF> { } * $ " \'
2019-08-21 10:25:41|   1.7|  0.0|WARN  |Excel Reader: Renamed column 'C11a[SQ002]. Quelle délégation politique ?  [Culture]' to 'C11a_SQ002_. Quelle délégation politique ?  _Culture_' to remove the following invalid characters '<CR> <LF> { } * $ " \'
2019-08-21 10:25:41|   1.7|  0.0|WARN  |Excel Reader: Renamed column 'C11a[SQ003]. Quelle délégation politique ?  [Économie/finances]' to 'C11a_SQ003_. Quelle délégation politique ?  _Économie/finances_' to remove the following invalid characters '<CR> <LF> { } * $ " \'
2019-08-21 10:25:41|   1.8|  0.0|WARN  |Excel Reader: Renamed column 'C11a[SQ004]. Quelle délégation politique ?  [Environnement]' to 'C11a_SQ004_. Quelle délégation politique ?  _Environnement_' to remove the following invalid characters '<CR> <LF> { } * $ " \'
2019-08-21 10:25:41|   1.8|  0.0|WARN  |Excel Reader: Renamed column 'C11a[SQ005]. Quelle délégation politique ?  [Habitat]' to 'C11a_SQ005_. Quelle délégation politique ?  _Habitat_' to remove the following invalid characters '<CR> <LF> { } * $ " \'
2019-08-21 10:25:41|   1.8|  0.0|WARN  |Excel Reader: Renamed column 'C11a[SQ006]. Quelle délégation politique ?  [Infrastructures]' to 'C11a_SQ006_. Quelle délégation politique ?  _Infrastructures_' to remove the following invalid characters '<CR> <LF> { } * $ " \'
2019-08-21 10:25:41|   1.8|  0.0|WARN  |Excel Reader: Renamed column 'C11a[SQ007]. Quelle délégation politique ?  [Parcs et jardins]' to 'C11a_SQ007_. Quelle délégation politique ?  _Parcs et jardins_' to remove the following invalid characters '<CR> <LF> { } * $ " \'
2019-08-21 10:25:41|   1.8|  0.0|WARN  |Excel Reader: Renamed column 'C11a[SQ008]. Quelle délégation politique ?  [Ruralité/Terroirs]' to 'C11a_SQ008_. Quelle délégation politique ?  _Ruralité/Terroirs_' to remove the following invalid characters '<CR> <LF> { } * $ " \'
2019-08-21 10:25:41|   1.8|  0.0|WARN  |Excel Reader: Renamed column 'C11a[SQ009]. Quelle délégation politique ?  [Sports]' to 'C11a_SQ009_. Quelle délégation politique ?  _Sports_' to remove the following invalid characters '<CR> <LF> { } * $ " \'
2019-08-21 10:25:41|   1.8|  0.0|WARN  |Excel Reader: Renamed column 'C11a[SQ010]. Quelle délégation politique ?  [Tourisme]' to 'C11a_SQ010_. Quelle délégation politique ?  _Tourisme_' to remove the following invalid characters '<CR> <LF> { } * $ " \'
2019-08-21 10:25:41|   1.8|  0.0|WARN  |Excel Reader: Renamed column 'C11a[SQ011]. Quelle délégation politique ?  [Transports/Déplacements/Mobilités]' to 'C11a_SQ011_. Quelle délégation politique ?  _Transports/Déplacements/Mobilités_' to remove the following invalid characters '<CR> <LF> { } * $ " \'
2019-08-21 10:25:41|   1.8|  0.0|WARN  |Excel Reader: Renamed column 'C11a[SQ012]. Quelle délégation politique ?  [Urbanisme]' to 'C11a_SQ012_. Quelle délégation politique ?  _Urbanisme_' to remove the following invalid characters '<CR> <LF> { } * $ " \'
2019-08-21 10:25:41|   1.8|  0.0|WARN  |Excel Reader: Renamed column 'C11a[SQ013]. Quelle délégation politique ?  [Voirie/routes]' to 'C11a_SQ013_. Quelle délégation politique ?  _Voirie/routes_' to remove the following invalid characters '<CR> <LF> { } * $ " \'
2019-08-21 10:25:41|   1.8|  0.0|WARN  |Excel Reader: Renamed column 'C11a[other]. Quelle délégation politique ?  [Autre]' to 'C11a_other_. Quelle délégation politique ?  _Autre_' to remove the following invalid characters '<CR> <LF> { } * $ " \'
2019-08-21 10:25:41|   1.8|  0.0|WARN  |Excel Reader: Renamed column 'D13a[SQ001]. Direction ? [Aménagement du territoire/urbanisme]' to 'D13a_SQ001_. Direction ? _Aménagement du territoire/urbanisme_' to remove the following invalid characters '<CR> <LF> { } * $ " \'
2019-08-21 10:25:41|   1.8|  0.0|WARN  |Excel Reader: Renamed column 'D13a[SQ002]. Direction ? [Culture]' to 'D13a_SQ002_. Direction ? _Culture_' to remove the following invalid characters '<CR> <LF> { } * $ " \'
2019-08-21 10:25:41|   1.8|  0.0|WARN  |Excel Reader: Renamed column 'D13a[SQ003]. Direction ? [Développement durable]' to 'D13a_SQ003_. Direction ? _Développement durable_' to remove the following invalid characters '<CR> <LF> { } * $ " \'
2019-08-21 10:25:41|   1.8|  0.0|WARN  |Excel Reader: Renamed column 'D13a[SQ004]. Direction ? [Environnement/biodiversité]' to 'D13a_SQ004_. Direction ? _Environnement/biodiversité_' to remove the following invalid characters '<CR> <LF> { } * $ " \'
2019-08-21 10:25:41|   1.8|  0.0|WARN  |Excel Reader: Renamed column 'D13a[SQ005]. Direction ? [Équipements]' to 'D13a_SQ005_. Direction ? _Équipements_' to remove the following invalid characters '<CR> <LF> { } * $ " \'
2019-08-21 10:25:41|   1.8|  0.0|WARN  |Excel Reader: Renamed column 'D13a[SQ006]. Direction ? [Observation/études]' to 'D13a_SQ006_. Direction ? _Observation/études_' to remove the following invalid characters '<CR> <LF> { } * $ " \'
2019-08-21 10:25:41|   1.8|  0.0|WARN  |Excel Reader: Renamed column 'D13a[SQ007]. Direction ? [Sports/Loisirs]' to 'D13a_SQ007_. Direction ? _Sports/Loisirs_' to remove the following invalid characters '<CR> <LF> { } * $ " \'
2019-08-21 10:25:41|   1.8|  0.0|WARN  |Excel Reader: Renamed column 'D13a[SQ008]. Direction ? [Tourisme]' to 'D13a_SQ008_. Direction ? _Tourisme_' to remove the following invalid characters '<CR> <LF> { } * $ " \'
2019-08-21 10:25:41|   1.8|  0.0|WARN  |Excel Reader: Renamed column 'D13a[SQ009]. Direction ? [Transports/déplacements/mobilité]' to 'D13a_SQ009_. Direction ? _Transports/déplacements/mobilité_' to remove the following invalid characters '<CR> <LF> { } * $ " \'
2019-08-21 10:25:41|   1.8|  0.0|WARN  |Excel Reader: Renamed column 'D13a[SQ010]. Direction ? [Voirie/routes]' to 'D13a_SQ010_. Direction ? _Voirie/routes_' to remove the following invalid characters '<CR> <LF> { } * $ " \'
2019-08-21 10:25:41|   1.8|  0.0|WARN  |Excel Reader: Renamed column 'D13a[other]. Direction ? [Autre]' to 'D13a_other_. Direction ? _Autre_' to remove the following invalid characters '<CR> <LF> { } * $ " \'
2019-08-21 10:25:41|   1.8|  0.0|WARN  |Excel Reader: Renamed column 'D16[SQ001_SQ001]. Budget de fonctionnement total annuel ? [2018]' to 'D16_SQ001_SQ001_. Budget de fonctionnement total annuel ? _2018_' to remove the following invalid characters '<CR> <LF> { } * $ " \'
2019-08-21 10:25:41|   1.8|  0.0|WARN  |Excel Reader: Renamed column 'D16[SQ001_SQ002]. Budget de fonctionnement total annuel ? [2019]' to 'D16_SQ001_SQ002_. Budget de fonctionnement total annuel ? _2019_' to remove the following invalid characters '<CR> <LF> { } * $ " \'
2019-08-21 10:25:41|   1.8|  0.0|WARN  |Excel Reader: Renamed column 'D16[SQ002_SQ001]. Budget d'investissement total annuel ? [2018]' to 'D16_SQ002_SQ001_. Budget d'investissement total annuel ? _2018_' to remove the following invalid characters '<CR> <LF> { } * $ " \'
2019-08-21 10:25:41|   1.8|  0.0|WARN  |Excel Reader: Renamed column 'D16[SQ002_SQ002]. Budget d'investissement total annuel ? [2019]' to 'D16_SQ002_SQ002_. Budget d'investissement total annuel ? _2019_' to remove the following invalid characters '<CR> <LF> { } * $ " \'
2019-08-21 10:25:41|   1.8|  0.0|WARN  |Excel Reader: Renamed column 'D17a[SQ001_SQ001]. Budget de fonctionnement annuel vélo ? [2018 (budget clos)]' to 'D17a_SQ001_SQ001_. Budget de fonctionnement annuel vélo ? _2018 (budget clos)_' to remove the following invalid characters '<CR> <LF> { } * $ " \'
2019-08-21 10:25:41|   1.8|  0.0|WARN  |Excel Reader: Renamed column 'D17a[SQ001_SQ002]. Budget de fonctionnement annuel vélo ? [2019 (budget en cours)]' to 'D17a_SQ001_SQ002_. Budget de fonctionnement annuel vélo ? _2019 (budget en cours)_' to remove the following invalid characters '<CR> <LF> { } * $ " \'
2019-08-21 10:25:41|   1.8|  0.0|WARN  |Excel Reader: Renamed column 'D17a[SQ002_SQ001]. Budget d'investissement annuel vélo ? [2018 (budget clos)]' to 'D17a_SQ002_SQ001_. Budget d'investissement annuel vélo ? _2018 (budget clos)_' to remove the following invalid characters '<CR> <LF> { } * $ " \'
2019-08-21 10:25:41|   1.8|  0.0|WARN  |Excel Reader: Renamed column 'D17a[SQ002_SQ002]. Budget d'investissement annuel vélo ? [2019 (budget en cours)]' to 'D17a_SQ002_SQ002_. Budget d'investissement annuel vélo ? _2019 (budget en cours)_' to remove the following invalid characters '<CR> <LF> { } * $ " \'
2019-08-21 10:25:41|   1.8|  0.0|WARN  |Excel Reader: Renamed column 'E19a[SQ001]. [Régions]' to 'E19a_SQ001_. _Régions_' to remove the following invalid characters '<CR> <LF> { } * $ " \'
2019-08-21 10:25:41|   1.8|  0.0|WARN  |Excel Reader: Renamed column 'E19a[SQ002]. [Départements]' to 'E19a_SQ002_. _Départements_' to remove the following invalid characters '<CR> <LF> { } * $ " \'
2019-08-21 10:25:41|   1.8|  0.0|WARN  |Excel Reader: Renamed column 'E19a[SQ003]. [Métropoles]' to 'E19a_SQ003_. _Métropoles_' to remove the following invalid characters '<CR> <LF> { } * $ " \'
2019-08-21 10:25:41|   1.8|  0.0|WARN  |Excel Reader: Renamed column 'E19a[SQ004]. [Communautés urbaines]' to 'E19a_SQ004_. _Communautés urbaines_' to remove the following invalid characters '<CR> <LF> { } * $ " \'
2019-08-21 10:25:41|   1.8|  0.0|WARN  |Excel Reader: Renamed column 'E19a[SQ005]. [Communautés d’agglomération]' to 'E19a_SQ005_. _Communautés d’agglomération_' to remove the following invalid characters '<CR> <LF> { } * $ " \'
2019-08-21 10:25:41|   1.8|  0.0|WARN  |Excel Reader: Renamed column 'E19a[SQ006]. [Communautés de communes]' to 'E19a_SQ006_. _Communautés de communes_' to remove the following invalid characters '<CR> <LF> { } * $ " \'
2019-08-21 10:25:41|   1.8|  0.0|WARN  |Excel Reader: Renamed column 'E19a[SQ007]. [Communes]' to 'E19a_SQ007_. _Communes_' to remove the following invalid characters '<CR> <LF> { } * $ " \'
2019-08-21 10:25:41|   1.8|  0.0|WARN  |Excel Reader: Renamed column 'E19a[other]. [Autre]' to 'E19a_other_. _Autre_' to remove the following invalid characters '<CR> <LF> { } * $ " \'
2019-08-21 10:25:41|   1.8|  0.0|WARN  |Excel Reader: Renamed column 'E21a[SQ001]. [Implication ponctuelle]' to 'E21a_SQ001_. _Implication ponctuelle_' to remove the following invalid characters '<CR> <LF> { } * $ " \'
2019-08-21 10:25:41|   1.8|  0.0|WARN  |Excel Reader: Renamed column 'E21a[SQ002]. [Réunions régulières dédiées]' to 'E21a_SQ002_. _Réunions régulières dédiées_' to remove the following invalid characters '<CR> <LF> { } * $ " \'
2019-08-21 10:25:41|   1.8|  0.0|WARN  |Excel Reader: Renamed column 'E21a[SQ003]. [Subventions]' to 'E21a_SQ003_. _Subventions_' to remove the following invalid characters '<CR> <LF> { } * $ " \'
2019-08-21 10:25:41|   1.8|  0.0|WARN  |Excel Reader: Renamed column 'E21a[other]. [Autre]' to 'E21a_other_. _Autre_' to remove the following invalid characters '<CR> <LF> { } * $ " \'
2019-08-21 10:25:41|   1.8|  0.0|WARN  |Excel Reader: Renamed column 'F26a[SQ001]. En quelle année ce document a-t-il été adopté ? ' to 'F26a_SQ001_. En quelle année ce document a-t-il été adopté ? ' to remove the following invalid characters '<CR> <LF> { } * $ " \'
2019-08-21 10:25:41|   1.8|  0.0|WARN  |Excel Reader: Renamed column 'F26a[SQ001comment].  [Première adoption : ]' to 'F26a_SQ001comment_.  _Première adoption : _' to remove the following invalid characters '<CR> <LF> { } * $ " \'
2019-08-21 10:25:41|   1.8|  0.0|WARN  |Excel Reader: Renamed column 'F26a[SQ002]. En quelle année ce document a-t-il été adopté ?  ' to 'F26a_SQ002_. En quelle année ce document a-t-il été adopté ?  ' to remove the following invalid characters '<CR> <LF> { } * $ " \'
2019-08-21 10:25:41|   1.8|  0.0|WARN  |Excel Reader: Renamed column 'F26a[SQ002comment]. [Dernière mise à jour : ]' to 'F26a_SQ002comment_. _Dernière mise à jour : _' to remove the following invalid characters '<CR> <LF> { } * $ " \'
2019-08-21 10:25:41|   1.8|  0.0|WARN  |Excel Reader: Renamed column 'F26b[filecount]. filecount - Si le document finalisé est accessible, pourriez-vous le déposer ici ? ' to 'F26b_filecount_. filecount - Si le document finalisé est accessible, pourriez-vous le déposer ici ? ' to remove the following invalid characters '<CR> <LF> { } * $ " \'
2019-08-21 10:25:41|   1.8|  0.0|WARN  |Excel Reader: Renamed column 'F27a[SQ001_SQ001]. Linéaires d’aménagements cyclables réalisés (km/an) ? [2015]' to 'F27a_SQ001_SQ001_. Linéaires d’aménagements cyclables réalisés (km/an) ? _2015_' to remove the following invalid characters '<CR> <LF> { } * $ " \'
2019-08-21 10:25:41|   1.8|  0.0|WARN  |Excel Reader: Renamed column 'F27a[SQ002_SQ001]. Linéaires d’aménagements cyclables réalisés (km/an) ? [2016]' to 'F27a_SQ002_SQ001_. Linéaires d’aménagements cyclables réalisés (km/an) ? _2016_' to remove the following invalid characters '<CR> <LF> { } * $ " \'
2019-08-21 10:25:41|   1.8|  0.0|WARN  |Excel Reader: Renamed column 'F27a[SQ003_SQ001]. Linéaires d’aménagements cyclables réalisés (km/an) ? [2017]' to 'F27a_SQ003_SQ001_. Linéaires d’aménagements cyclables réalisés (km/an) ? _2017_' to remove the following invalid characters '<CR> <LF> { } * $ " \'
2019-08-21 10:25:41|   1.8|  0.0|WARN  |Excel Reader: Renamed column 'F27a[SQ004_SQ001]. Linéaires d’aménagements cyclables réalisés (km/an) ? [2018]' to 'F27a_SQ004_SQ001_. Linéaires d’aménagements cyclables réalisés (km/an) ? _2018_' to remove the following invalid characters '<CR> <LF> { } * $ " \'
2019-08-21 10:25:41|   1.8|  0.0|WARN  |Excel Reader: Renamed column 'F27a[SQ005_SQ001]. Linéaires d’aménagements cyclables réalisés (km/an) ?  [2019]' to 'F27a_SQ005_SQ001_. Linéaires d’aménagements cyclables réalisés (km/an) ?  _2019_' to remove the following invalid characters '<CR> <LF> { } * $ " \'
2019-08-21 10:25:41|   1.8|  0.0|WARN  |Excel Reader: Renamed column 'G31b1[SQ001]. Pourquoi ? [Méconnaissance de l’outil]' to 'G31b1_SQ001_. Pourquoi ? _Méconnaissance de l’outil_' to remove the following invalid characters '<CR> <LF> { } * $ " \'
2019-08-21 10:25:41|   1.8|  0.0|WARN  |Excel Reader: Renamed column 'G31b1[SQ002]. Pourquoi ? [Outil peu pratique/trop complexe]' to 'G31b1_SQ002_. Pourquoi ? _Outil peu pratique/trop complexe_' to remove the following invalid characters '<CR> <LF> { } * $ " \'
2019-08-21 10:25:41|   1.8|  0.0|WARN  |Excel Reader: Renamed column 'G31b1[SQ003]. Pourquoi ? [Manque de temps]' to 'G31b1_SQ003_. Pourquoi ? _Manque de temps_' to remove the following invalid characters '<CR> <LF> { } * $ " \'
2019-08-21 10:25:41|   1.8|  0.0|WARN  |Excel Reader: Renamed column 'G31b1[SQ004]. Pourquoi ? [Données disponibles en Open Data]' to 'G31b1_SQ004_. Pourquoi ? _Données disponibles en Open Data_' to remove the following invalid characters '<CR> <LF> { } * $ " \'
2019-08-21 10:25:41|   1.8|  0.0|WARN  |Excel Reader: Renamed column 'G31b1[other]. Pourquoi ? [Autre]' to 'G31b1_other_. Pourquoi ? _Autre_' to remove the following invalid characters '<CR> <LF> { } * $ " \'
2019-08-21 10:25:41|   1.8|  0.0|WARN  |Excel Reader: Renamed column 'H34a[filecount]. filecount - Si le document finalisé est accessible, pourriez-vous le déposer ici ? ' to 'H34a_filecount_. filecount - Si le document finalisé est accessible, pourriez-vous le déposer ici ? ' to remove the following invalid characters '<CR> <LF> { } * $ " \'
2019-08-21 10:25:41|   1.8|  0.0|WARN  |Excel Reader: Renamed column 'I37a[SQ001_SQ001]. Nombre de places de stationnement ?  [Arceaux de stationnement]' to 'I37a_SQ001_SQ001_. Nombre de places de stationnement ?  _Arceaux de stationnement_' to remove the following invalid characters '<CR> <LF> { } * $ " \'
2019-08-21 10:25:41|   1.8|  0.0|WARN  |Excel Reader: Renamed column 'I37a[SQ002_SQ001]. Nombre de places de stationnement ?  [Abris individuels sécurisées]' to 'I37a_SQ002_SQ001_. Nombre de places de stationnement ?  _Abris individuels sécurisées_' to remove the following invalid characters '<CR> <LF> { } * $ " \'
2019-08-21 10:25:41|   1.8|  0.0|WARN  |Excel Reader: Renamed column 'I37a[SQ003_SQ001]. Nombre de places de stationnement ?  [Abris collectifs sécurisés]' to 'I37a_SQ003_SQ001_. Nombre de places de stationnement ?  _Abris collectifs sécurisés_' to remove the following invalid characters '<CR> <LF> { } * $ " \'
2019-08-21 10:25:41|   1.8|  0.0|WARN  |Excel Reader: Renamed column 'I37a[SQ004_SQ001]. Nombre de places de stationnement ?  [Abris non sécurisés]' to 'I37a_SQ004_SQ001_. Nombre de places de stationnement ?  _Abris non sécurisés_' to remove the following invalid characters '<CR> <LF> { } * $ " \'
2019-08-21 10:25:41|   1.8|  0.0|WARN  |Excel Reader: Renamed column 'I37a[SQ005_SQ001]. Nombre de places de stationnement ?  [Global]' to 'I37a_SQ005_SQ001_. Nombre de places de stationnement ?  _Global_' to remove the following invalid characters '<CR> <LF> { } * $ " \'
2019-08-21 10:25:41|   1.8|  0.0|WARN  |Excel Reader: Renamed column 'I37b[SQ001]. Stationnements à proximité ?  [Aires de covoiturage]' to 'I37b_SQ001_. Stationnements à proximité ?  _Aires de covoiturage_' to remove the following invalid characters '<CR> <LF> { } * $ " \'
2019-08-21 10:25:41|   1.8|  0.0|WARN  |Excel Reader: Renamed column 'I37b[SQ002]. Stationnements à proximité ?  [Gares/pôles multimodaux]' to 'I37b_SQ002_. Stationnements à proximité ?  _Gares/pôles multimodaux_' to remove the following invalid characters '<CR> <LF> { } * $ " \'
2019-08-21 10:25:41|   1.8|  0.0|WARN  |Excel Reader: Renamed column 'I37b[SQ003]. Stationnements à proximité ?  [Arrêts de transports publics urbains et interurbains]' to 'I37b_SQ003_. Stationnements à proximité ?  _Arrêts de transports publics urbains et interurbains_' to remove the following invalid characters '<CR> <LF> { } * $ " \'
2019-08-21 10:25:41|   1.8|  0.0|WARN  |Excel Reader: Renamed column 'I38[SQ001]. Service d’embarquement ? [Trains]' to 'I38_SQ001_. Service d’embarquement ? _Trains_' to remove the following invalid characters '<CR> <LF> { } * $ " \'
2019-08-21 10:25:41|   1.8|  0.0|WARN  |Excel Reader: Renamed column 'I38[SQ002]. Service d’embarquement ? [Cars]' to 'I38_SQ002_. Service d’embarquement ? _Cars_' to remove the following invalid characters '<CR> <LF> { } * $ " \'
2019-08-21 10:25:41|   1.8|  0.0|WARN  |Excel Reader: Renamed column 'I38[SQ003]. Service d’embarquement ? [Bus]' to 'I38_SQ003_. Service d’embarquement ? _Bus_' to remove the following invalid characters '<CR> <LF> { } * $ " \'
2019-08-21 10:25:41|   1.8|  0.0|WARN  |Excel Reader: Renamed column 'I38[SQ004]. Service d’embarquement ? [Tramways]' to 'I38_SQ004_. Service d’embarquement ? _Tramways_' to remove the following invalid characters '<CR> <LF> { } * $ " \'
2019-08-21 10:25:41|   1.8|  0.0|WARN  |Excel Reader: Renamed column 'I38[SQ005]. Service d’embarquement ? [Métro]' to 'I38_SQ005_. Service d’embarquement ? _Métro_' to remove the following invalid characters '<CR> <LF> { } * $ " \'
2019-08-21 10:25:41|   1.8|  0.0|WARN  |Excel Reader: Renamed column 'I38[SQ006]. Service d’embarquement ? [Transports à la demande]' to 'I38_SQ006_. Service d’embarquement ? _Transports à la demande_' to remove the following invalid characters '<CR> <LF> { } * $ " \'
2019-08-21 10:25:41|   1.8|  0.0|WARN  |Excel Reader: Renamed column 'J40[SQ001].  [Vélo en location humanisée courte ou longue durée]' to 'J40_SQ001_.  _Vélo en location humanisée courte ou longue durée_' to remove the following invalid characters '<CR> <LF> { } * $ " \'
2019-08-21 10:25:41|   1.8|  0.0|WARN  |Excel Reader: Renamed column 'J40[SQ002]. [Vélo en libre-service (VLS)]' to 'J40_SQ002_. _Vélo en libre-service (VLS)_' to remove the following invalid characters '<CR> <LF> { } * $ " \'
2019-08-21 10:25:41|   1.8|  0.0|WARN  |Excel Reader: Renamed column 'J40[SQ003]. [Prêt de vélo (gratuit sous caution)]' to 'J40_SQ003_. _Prêt de vélo (gratuit sous caution)_' to remove the following invalid characters '<CR> <LF> { } * $ " \'
2019-08-21 10:25:41|   1.8|  0.0|WARN  |Excel Reader: Renamed column 'J42a[SQ001_SQ001]. Montant de l'aide ?  [Vélo standards]' to 'J42a_SQ001_SQ001_. Montant de l'aide ?  _Vélo standards_' to remove the following invalid characters '<CR> <LF> { } * $ " \'
2019-08-21 10:25:41|   1.8|  0.0|WARN  |Excel Reader: Renamed column 'J42a[SQ002_SQ001]. Montant de l'aide ?  [VAE ]' to 'J42a_SQ002_SQ001_. Montant de l'aide ?  _VAE _' to remove the following invalid characters '<CR> <LF> { } * $ " \'
2019-08-21 10:25:41|   1.8|  0.0|WARN  |Excel Reader: Renamed column 'J42a[SQ003_SQ001]. Montant de l'aide ?  [Vélos pliants ]' to 'J42a_SQ003_SQ001_. Montant de l'aide ?  _Vélos pliants _' to remove the following invalid characters '<CR> <LF> { } * $ " \'
2019-08-21 10:25:41|   1.8|  0.0|WARN  |Excel Reader: Renamed column 'J42a[SQ004_SQ001]. Montant de l'aide ?  [Vélos-cargos/familiaux]' to 'J42a_SQ004_SQ001_. Montant de l'aide ?  _Vélos-cargos/familiaux_' to remove the following invalid characters '<CR> <LF> { } * $ " \'
2019-08-21 10:25:41|   1.8|  0.0|WARN  |Excel Reader: Renamed column 'J43a[SQ001]. [Montant (€/km) :]' to 'J43a_SQ001_. _Montant (€/km) :_' to remove the following invalid characters '<CR> <LF> { } * $ " \'
2019-08-21 10:25:41|   1.8|  0.0|WARN  |Excel Reader: Renamed column 'J43a[SQ002]. [Plafond :]' to 'J43a_SQ002_. _Plafond :_' to remove the following invalid characters '<CR> <LF> { } * $ " \'
2019-08-21 10:25:41|   1.8|  0.0|WARN  |Excel Reader: Renamed column 'K45a[SQ001]. Via ? [Association indépendante dédiée]' to 'K45a_SQ001_. Via ? _Association indépendante dédiée_' to remove the following invalid characters '<CR> <LF> { } * $ " \'
2019-08-21 10:25:41|   1.8|  0.0|WARN  |Excel Reader: Renamed column 'K45a[SQ002]. Via ? [Organisme local du tourisme (CRT, ADT/CDT, OT, etc.)]' to 'K45a_SQ002_. Via ? _Organisme local du tourisme (CRT, ADT/CDT, OT, etc.)_' to remove the following invalid characters '<CR> <LF> { } * $ " \'
2019-08-21 10:25:41|   1.8|  0.0|WARN  |Excel Reader: Renamed column 'K45a[SQ003]. Via ? [Services « tourisme » de la collectivité]' to 'K45a_SQ003_. Via ? _Services « tourisme » de la collectivité_' to remove the following invalid characters '<CR> <LF> { } * $ " \'
2019-08-21 10:25:41|   1.8|  0.0|WARN  |Excel Reader: Renamed column 'K45a[other]. Via ? [Autre]' to 'K45a_other_. Via ? _Autre_' to remove the following invalid characters '<CR> <LF> { } * $ " \'
2019-08-21 10:25:41|   1.8|  0.0|WARN  |Excel Reader: Renamed column 'K45b[SQ001]. Actions de marketing touristique « vélo » ? [Carte touristique généraliste]' to 'K45b_SQ001_. Actions de marketing touristique « vélo » ? _Carte touristique généraliste_' to remove the following invalid characters '<CR> <LF> { } * $ " \'
2019-08-21 10:25:41|   1.8|  0.0|WARN  |Excel Reader: Renamed column 'K45b[SQ002]. Actions de marketing touristique « vélo » ? [Référencement sur France Vélo Tourisme]' to 'K45b_SQ002_. Actions de marketing touristique « vélo » ? _Référencement sur France Vélo Tourisme_' to remove the following invalid characters '<CR> <LF> { } * $ " \'
2019-08-21 10:25:41|   1.8|  0.0|WARN  |Excel Reader: Renamed column 'K45b[SQ003]. Actions de marketing touristique « vélo » ? [Organisation d’événements dédiés au tourisme à vélo]' to 'K45b_SQ003_. Actions de marketing touristique « vélo » ? _Organisation d’événements dédiés au tourisme à vélo_' to remove the following invalid characters '<CR> <LF> { } * $ " \'
2019-08-21 10:25:41|   1.8|  0.0|WARN  |Excel Reader: Renamed column 'K45b[SQ004]. Actions de marketing touristique « vélo » ? [Participation à des événements dédiés au tourisme à vélo]' to 'K45b_SQ004_. Actions de marketing touristique « vélo » ? _Participation à des événements dédiés au tourisme à vélo_' to remove the following invalid characters '<CR> <LF> { } * $ " \'
2019-08-21 10:25:41|   1.8|  0.0|WARN  |Excel Reader: Renamed column 'K45b[SQ005]. Actions de marketing touristique « vélo » ? [Site(s) web dédié(s) ]' to 'K45b_SQ005_. Actions de marketing touristique « vélo » ? _Site(s) web dédié(s) _' to remove the following invalid characters '<CR> <LF> { } * $ " \'
2019-08-21 10:25:41|   1.8|  0.0|WARN  |Excel Reader: Renamed column 'K45b[SQ006]. Actions de marketing touristique « vélo » ? [Support papier spécifique]' to 'K45b_SQ006_. Actions de marketing touristique « vélo » ? _Support papier spécifique_' to remove the following invalid characters '<CR> <LF> { } * $ " \'
2019-08-21 10:25:41|   1.8|  0.0|WARN  |Excel Reader: Renamed column 'K45b[SQ007]. Actions de marketing touristique « vélo » ? [Voyages de presse/accueils de presse]' to 'K45b_SQ007_. Actions de marketing touristique « vélo » ? _Voyages de presse/accueils de presse_' to remove the following invalid characters '<CR> <LF> { } * $ " \'
2019-08-21 10:25:41|   1.8|  0.0|WARN  |Excel Reader: Renamed column 'K45b[SQ008]. Actions de marketing touristique « vélo » ? [Topo-guide]' to 'K45b_SQ008_. Actions de marketing touristique « vélo » ? _Topo-guide_' to remove the following invalid characters '<CR> <LF> { } * $ " \'
2019-08-21 10:25:41|   1.8|  0.0|WARN  |Excel Reader: Renamed column 'K45b[other]. Actions de marketing touristique « vélo » ? [Autre]' to 'K45b_other_. Actions de marketing touristique « vélo » ? _Autre_' to remove the following invalid characters '<CR> <LF> { } * $ " \'
2019-08-21 10:25:41|   1.8|  0.0|WARN  |Excel Reader: Renamed column 'K45c[other]. La marque Accueil Vélo © (ou équivalent) est-elle déployée sur le territoire de la collectivité ? [Autre]' to 'K45c_other_. La marque Accueil Vélo © (ou équivalent) est-elle déployée sur le territoire de la collectivité ? _Autre_' to remove the following invalid characters '<CR> <LF> { } * $ " \'
2019-08-21 10:25:41|   1.8|  0.0|WARN  |Excel Reader: Renamed column 'L47a[SQ001]. Sous quelle forme ?  [Application mobile]' to 'L47a_SQ001_. Sous quelle forme ?  _Application mobile_' to remove the following invalid characters '<CR> <LF> { } * $ " \'
2019-08-21 10:25:41|   1.8|  0.0|WARN  |Excel Reader: Renamed column 'L47a[SQ002]. Sous quelle forme ?  [Site(s) web dédié(s)]' to 'L47a_SQ002_. Sous quelle forme ?  _Site(s) web dédié(s)_' to remove the following invalid characters '<CR> <LF> { } * $ " \'
2019-08-21 10:25:41|   1.8|  0.0|WARN  |Excel Reader: Renamed column 'L47a[SQ003]. Sous quelle forme ?  [Evènement vélo grand public (fête du vélo, slow-up, etc.)]' to 'L47a_SQ003_. Sous quelle forme ?  _Evènement vélo grand public (fête du vélo, slow-up, etc.)_' to remove the following invalid characters '<CR> <LF> { } * $ " \'
2019-08-21 10:25:41|   1.8|  0.0|WARN  |Excel Reader: Renamed column 'L47a[SQ004]. Sous quelle forme ?  [Cartographie (papier ou numérique) publique des itinéraires cyclables]' to 'L47a_SQ004_. Sous quelle forme ?  _Cartographie (papier ou numérique) publique des itinéraires cyclables_' to remove the following invalid characters '<CR> <LF> { } * $ " \'
2019-08-21 10:25:41|   1.8|  0.0|WARN  |Excel Reader: Renamed column 'L47a[SQ006]. Sous quelle forme ?  [Campagne d'affichage]' to 'L47a_SQ006_. Sous quelle forme ?  _Campagne d'affichage_' to remove the following invalid characters '<CR> <LF> { } * $ " \'
2019-08-21 10:25:41|   1.8|  0.0|WARN  |Excel Reader: Renamed column 'L47a[SQ005]. Sous quelle forme ?  [Campagne de promotion ]' to 'L47a_SQ005_. Sous quelle forme ?  _Campagne de promotion _' to remove the following invalid characters '<CR> <LF> { } * $ " \'
2019-08-21 10:25:41|   1.8|  0.0|WARN  |Excel Reader: Renamed column 'L47a[other]. Sous quelle forme ?  [Autre]' to 'L47a_other_. Sous quelle forme ?  _Autre_' to remove the following invalid characters '<CR> <LF> { } * $ " \'
2019-08-21 10:25:41|   1.8|  0.0|WARN  |Excel Reader: Renamed column 'M55a[SQ001]. [Part modale du vélo : ]' to 'M55a_SQ001_. _Part modale du vélo : _' to remove the following invalid characters '<CR> <LF> { } * $ " \'
2019-08-21 10:25:41|   1.8|  0.0|WARN  |Excel Reader: Renamed column 'M55a[SQ002]. Pourriez-vous préciser, pour la dernière en date : [Date de l'estimation :]' to 'M55a_SQ002_. Pourriez-vous préciser, pour la dernière en date : _Date de l'estimation :_' to remove the following invalid characters '<CR> <LF> { } * $ " \'
2019-08-21 10:25:41|   1.8|  0.0|WARN  |Excel Reader: Renamed column 'M55a[SQ003]. [Source de l'estimation :]' to 'M55a_SQ003_. _Source de l'estimation :_' to remove the following invalid characters '<CR> <LF> { } * $ " \'
2019-08-21 10:25:41|   1.8|  0.0|WARN  |Excel Reader: Renamed column 'M56b1[SQ001]. Si non, pourquoi ? [Méconnaissance de l’outil]' to 'M56b1_SQ001_. Si non, pourquoi ? _Méconnaissance de l’outil_' to remove the following invalid characters '<CR> <LF> { } * $ " \'
2019-08-21 10:25:41|   1.8|  0.0|WARN  |Excel Reader: Renamed column 'M56b1[SQ002]. Si non, pourquoi ? [Outil peu pratique/trop complexe]' to 'M56b1_SQ002_. Si non, pourquoi ? _Outil peu pratique/trop complexe_' to remove the following invalid characters '<CR> <LF> { } * $ " \'
2019-08-21 10:25:41|   1.8|  0.0|WARN  |Excel Reader: Renamed column 'M56b1[SQ003]. Si non, pourquoi ? [Manque de temps]' to 'M56b1_SQ003_. Si non, pourquoi ? _Manque de temps_' to remove the following invalid characters '<CR> <LF> { } * $ " \'
2019-08-21 10:25:41|   1.8|  0.0|WARN  |Excel Reader: Renamed column 'M56b1[SQ004]. Si non, pourquoi ? [Données disponibles en Open Data]' to 'M56b1_SQ004_. Si non, pourquoi ? _Données disponibles en Open Data_' to remove the following invalid characters '<CR> <LF> { } * $ " \'
2019-08-21 10:25:41|   1.8|  0.0|WARN  |Excel Reader: Renamed column 'M56b1[other]. Si non, pourquoi ? [Autre]' to 'M56b1_other_. Si non, pourquoi ? _Autre_' to remove the following invalid characters '<CR> <LF> { } * $ " \'
2019-08-21 10:25:41|   1.8|  0.0|WARN  |Excel Reader: Renamed column 'M59[SQ001]. Autres moyens ? [Enquête mobilité certifiée Cerema EMC² (anciennement EMD) ]' to 'M59_SQ001_. Autres moyens ? _Enquête mobilité certifiée Cerema EMC² (anciennement EMD) _' to remove the following invalid characters '<CR> <LF> { } * $ " \'
2019-08-21 10:25:41|   1.8|  0.0|WARN  |Excel Reader: Renamed column 'M59[other]. Autre moyens ? [Autre]' to 'M59_other_. Autre moyens ? _Autre_' to remove the following invalid characters '<CR> <LF> { } * $ " \'
2019-08-21 10:25:41|   1.8|  0.0|INFORM|Excel Reader: Sheet 'ENQUÊTE TERRITOIRES 2019' range: Start Row '1', Start Column 'A', End Row '524', End Column 'LL'
2019-08-21 10:25:41|   1.8|  0.0|WARN  |Excel Reader: Sheet 'ENQUÊTE TERRITOIRES 2019' of dataset 'D:\SIG\Dropbox (Vélo&Territoires)\7_Expertise\2-Enquête Territoires\2019\02_REPONSES A L'ENQUETE\04_RESULTATS COMPLETS\2019-07-01_Résultats complets traités.xlsx' has column 'Nom de la collectivité :' that does not match a header column in the file. This column will not be read
2019-08-21 10:25:41|   1.8|  0.0|WARN  |Excel Reader: Sheet 'ENQUÊTE TERRITOIRES 2019' of dataset 'D:\SIG\Dropbox (Vélo&Territoires)\7_Expertise\2-Enquête Territoires\2019\02_REPONSES A L'ENQUETE\04_RESULTATS COMPLETS\2019-07-01_Résultats complets traités.xlsx' has column 'Code géographique :' that does not match a header column in the file. This column will not be read
2019-08-21 10:25:41|   1.8|  0.0|WARN  |Excel Reader: Sheet 'ENQUÊTE TERRITOIRES 2019' of dataset 'D:\SIG\Dropbox (Vélo&Territoires)\7_Expertise\2-Enquête Territoires\2019\02_REPONSES A L'ENQUETE\04_RESULTATS COMPLETS\2019-07-01_Résultats complets traités.xlsx' has column 'A1_SQ002_. Code postal du siège :' that does not match a header column in the file. This column will not be read
2019-08-21 10:25:41|   1.8|  0.0|WARN  |Excel Reader: Sheet 'ENQUÊTE TERRITOIRES 2019' of dataset 'D:\SIG\Dropbox (Vélo&Territoires)\7_Expertise\2-Enquête Territoires\2019\02_REPONSES A L'ENQUETE\04_RESULTATS COMPLETS\2019-07-01_Résultats complets traités.xlsx' has column 'Département : ' that does not match a header column in the file. This column will not be read
2019-08-21 10:25:41|   1.8|  0.0|WARN  |Excel Reader: Sheet 'ENQUÊTE TERRITOIRES 2019' of dataset 'D:\SIG\Dropbox (Vélo&Territoires)\7_Expertise\2-Enquête Territoires\2019\02_REPONSES A L'ENQUETE\04_RESULTATS COMPLETS\2019-07-01_Résultats complets traités.xlsx' has column 'Détail :' that does not match a header column in the file. This column will not be read
2019-08-21 10:25:41|   1.8|  0.0|WARN  |Excel Reader: Sheet 'ENQUÊTE TERRITOIRES 2019' of dataset 'D:\SIG\Dropbox (Vélo&Territoires)\7_Expertise\2-Enquête Territoires\2019\02_REPONSES A L'ENQUETE\04_RESULTATS COMPLETS\2019-07-01_Résultats complets traités.xlsx' has column 'A3_SQ001_. _Prénom :_' that does not match a header column in the file. This column will not be read
2019-08-21 10:25:41|   1.8|  0.0|WARN  |Excel Reader: Sheet 'ENQUÊTE TERRITOIRES 2019' of dataset 'D:\SIG\Dropbox (Vélo&Territoires)\7_Expertise\2-Enquête Territoires\2019\02_REPONSES A L'ENQUETE\04_RESULTATS COMPLETS\2019-07-01_Résultats complets traités.xlsx' has column 'A3_SQ002_. _Nom :_' that does not match a header column in the file. This column will not be read
2019-08-21 10:25:41|   1.8|  0.0|WARN  |Excel Reader: Sheet 'ENQUÊTE TERRITOIRES 2019' of dataset 'D:\SIG\Dropbox (Vélo&Territoires)\7_Expertise\2-Enquête Territoires\2019\02_REPONSES A L'ENQUETE\04_RESULTATS COMPLETS\2019-07-01_Résultats complets traités.xlsx' has column 'A3_SQ003_. _Titre/poste :_' that does not match a header column in the file. This column will not be read
2019-08-21 10:25:41|   1.8|  0.0|WARN  |Excel Reader: Sheet 'ENQUÊTE TERRITOIRES 2019' of dataset 'D:\SIG\Dropbox (Vélo&Territoires)\7_Expertise\2-Enquête Territoires\2019\02_REPONSES A L'ENQUETE\04_RESULTATS COMPLETS\2019-07-01_Résultats complets traités.xlsx' has column 'A3_SQ004_. _Direction/service :_' that does not match a header column in the file. This column will not be read
2019-08-21 10:25:41|   1.8|  0.0|WARN  |Excel Reader: Sheet 'ENQUÊTE TERRITOIRES 2019' of dataset 'D:\SIG\Dropbox (Vélo&Territoires)\7_Expertise\2-Enquête Territoires\2019\02_REPONSES A L'ENQUETE\04_RESULTATS COMPLETS\2019-07-01_Résultats complets traités.xlsx' has column 'A4_SQ002_. _Adresse mail :_' that does not match a header column in the file. This column will not be read
2019-08-21 10:25:41|   1.8|  0.0|WARN  |Excel Reader: Sheet 'ENQUÊTE TERRITOIRES 2019' of dataset 'D:\SIG\Dropbox (Vélo&Territoires)\7_Expertise\2-Enquête Territoires\2019\02_REPONSES A L'ENQUETE\04_RESULTATS COMPLETS\2019-07-01_Résultats complets traités.xlsx' has column 'A4_SQ003_  _Téléphone :_' that does not match a header column in the file. This column will not be read
2019-08-21 10:25:41|   1.8|  0.0|WARN  |Excel Reader: Sheet 'ENQUÊTE TERRITOIRES 2019' of dataset 'D:\SIG\Dropbox (Vélo&Territoires)\7_Expertise\2-Enquête Territoires\2019\02_REPONSES A L'ENQUETE\04_RESULTATS COMPLETS\2019-07-01_Résultats complets traités.xlsx' has column 'Stratégie de planification vélo :' that does not match a header column in the file. This column will not be read
2019-08-21 10:25:41|   1.8|  0.0|WARN  |Excel Reader: Sheet 'ENQUÊTE TERRITOIRES 2019' of dataset 'D:\SIG\Dropbox (Vélo&Territoires)\7_Expertise\2-Enquête Territoires\2019\02_REPONSES A L'ENQUETE\04_RESULTATS COMPLETS\2019-07-01_Résultats complets traités.xlsx' has column 'Forme de la stratégie :' that does not match a header column in the file. This column will not be read
2019-08-21 10:25:41|   1.8|  0.0|WARN  |Excel Reader: Sheet 'ENQUÊTE TERRITOIRES 2019' of dataset 'D:\SIG\Dropbox (Vélo&Territoires)\7_Expertise\2-Enquête Territoires\2019\02_REPONSES A L'ENQUETE\04_RESULTATS COMPLETS\2019-07-01_Résultats complets traités.xlsx' has column 'Élu référent vélo au sein de la collectivité :' that does not match a header column in the file. This column will not be read
2019-08-21 10:25:41|   1.8|  0.0|WARN  |Excel Reader: Sheet 'ENQUÊTE TERRITOIRES 2019' of dataset 'D:\SIG\Dropbox (Vélo&Territoires)\7_Expertise\2-Enquête Territoires\2019\02_REPONSES A L'ENQUETE\04_RESULTATS COMPLETS\2019-07-01_Résultats complets traités.xlsx' has column 'Nombre d’équivalents temps plein (ETP) consacrés au vélo :' that does not match a header column in the file. This column will not be read
2019-08-21 10:25:41|   1.8|  0.0|WARN  |Excel Reader: Sheet 'ENQUÊTE TERRITOIRES 2019' of dataset 'D:\SIG\Dropbox (Vélo&Territoires)\7_Expertise\2-Enquête Territoires\2019\02_REPONSES A L'ENQUETE\04_RESULTATS COMPLETS\2019-07-01_Résultats complets traités.xlsx' has column 'Budget spécifiquement dédié au vélo :' that does not match a header column in the file. This column will not be read
2019-08-21 10:25:42|   2.6|  0.8|INFORM|Excel Reader: Closing dataset 'D:\SIG\Dropbox (Vélo&Territoires)\7_Expertise\2-Enquête Territoires\2019\02_REPONSES A L'ENQUETE\04_RESULTATS COMPLETS\2019-07-01_Résultats complets traités.xlsx'...
2019-08-21 10:25:42|   2.7|  0.1|INFORM|Creating reader for format: Esri Shapefile
2019-08-21 10:25:42|   2.8|  0.0|INFORM|Using Shape Reader to read shape files from folder `D:\SIG\Dropbox (Vélo&Territoires)\1_ON3V\NAS\06_CARTES_ANALYSE_ON3V\Enquête_Territoires\2019\dossier Qgis\couche ADMIN/'
2019-08-21 10:25:42|   2.8|  0.0|INFORM|ESRISHAPE_1 Reader: Using enhanced geometry
2019-08-21 10:25:42|   2.8|  0.0|INFORM|Shape Reader: Using simple donut geometry detection
2019-08-21 10:25:42|   2.8|  0.0|INFORM|Shape Reader: Handling numeric types with standard integer and floating point types
2019-08-21 10:25:42|   2.8|  0.0|INFORM|Shape Reader: Allowing attribute names with mixed case
2019-08-21 10:25:42|   2.8|  0.0|INFORM|Opened Shape File 'D:\SIG\Dropbox (Vélo&Territoires)\1_ON3V\NAS\06_CARTES_ANALYSE_ON3V\Enquête_Territoires\2019\dossier Qgis\couche ADMIN\epci.shp' for input
2019-08-21 10:25:42|   2.8|  0.0|INFORM|Opened DBF File 'D:\SIG\Dropbox (Vélo&Territoires)\1_ON3V\NAS\06_CARTES_ANALYSE_ON3V\Enquête_Territoires\2019\dossier Qgis\couche ADMIN\epci.dbf' for input
2019-08-21 10:25:42|   2.8|  0.0|INFORM|DBF Reader: Detected character encoding `windows-1252'
2019-08-21 10:25:42|   2.8|  0.0|INFORM|DBF File 'D:\SIG\Dropbox (Vélo&Territoires)\1_ON3V\NAS\06_CARTES_ANALYSE_ON3V\Enquête_Territoires\2019\dossier Qgis\couche ADMIN\epci.dbf' has fields: ID char(24), CODE_EPCI char(9), NOM_EPCI char(230), TYPE_EPCI char(150)
2019-08-21 10:25:42|   3.1|  0.4|INFORM|The OGC definition of the FME coordinate system 'Lambert93' is 'PROJCS["RGF93_Lambert_93",GEOGCS["GCS_RGF_1993",DATUM["D_RGF_1993",SPHEROID["GRS_1980",6378137.0,298.257222101]],PRIMEM["Greenwich",0.0],UNIT["Degree",0.0174532925199433]],PROJECTION["Lambert_Conformal_Conic"],PARAMETER["False_Easting",700000.0],PARAMETER["False_Northing",6600000.0],PARAMETER["Central_Meridian",3.0],PARAMETER["Standard_Parallel_1",44.0],PARAMETER["Standard_Parallel_2",49.0],PARAMETER["Latitude_Of_Origin",46.5],UNIT["Meter",1.0]]'
2019-08-21 10:25:42|   3.1|  0.0|INFORM|FME Configuration: Source coordinate system for reader ESRISHAPE_1[ESRISHAPE] set to `Lambert93' as read from input data
2019-08-21 10:25:42|   3.1|  0.0|INFORM|Coordinate System `Lambert93' parameters: CS_NAME=`Lambert93' DESC_NM=`Lambert-93 with RGF93 datum, whole country' DT_NAME=`RGF93' GROUP=`EUROPE' MAP_SCL=`1' MAX_LAT=`52' MAX_LNG=`10' MIN_LAT=`42' MIN_LNG=`-6' ORG_LAT=`46.5' ORG_LNG=`3' PARM1=`44' PARM2=`49' PROJ=`LM' QUAD=`1' SCL_RED=`1' SOURCE=`IGN Paris' UNIT=`METER' X_OFF=`700000' Y_OFF=`6600000' ZERO_X=`0.001' ZERO_Y=`0.001' 
2019-08-21 10:25:42|   3.1|  0.0|INFORM|Shape Reader: Bounding box of shapefile `D:\SIG\Dropbox (Vélo&Territoires)\1_ON3V\NAS\06_CARTES_ANALYSE_ON3V\Enquête_Territoires\2019\dossier Qgis\couche ADMIN\EPCI' is: (-6907719.160602434,467799.4657727629),(10294090.968739795,7110478.8)
2019-08-21 10:25:42|   3.1|  0.0|INFORM|Shape Reader: Bounding box of shapefile(s) selected from folder `D:\SIG\Dropbox (Vélo&Territoires)\1_ON3V\NAS\06_CARTES_ANALYSE_ON3V\Enquête_Territoires\2019\dossier Qgis\couche ADMIN/' is: (-6907719.160602434,467799.4657727629),(10294090.968739795,7110478.8)
2019-08-21 10:25:43|   3.3|  0.2|INFORM|Creating reader for format: Esri Shapefile
2019-08-21 10:25:43|   3.3|  0.0|INFORM|Using Shape Reader to read shape files from folder `D:\SIG\Dropbox (Vélo&Territoires)\1_ON3V\NAS\06_CARTES_ANALYSE_ON3V\Enquête_Territoires\2019\dossier Qgis\couche ADMIN/'
2019-08-21 10:25:43|   3.3|  0.0|INFORM|ESRISHAPE_2 Reader: Using enhanced geometry
2019-08-21 10:25:43|   3.3|  0.0|INFORM|Shape Reader: Using simple donut geometry detection
2019-08-21 10:25:43|   3.3|  0.0|INFORM|Shape Reader: Handling numeric types with standard integer and floating point types
2019-08-21 10:25:43|   3.3|  0.0|INFORM|Shape Reader: Allowing attribute names with mixed case
2019-08-21 10:25:43|   3.3|  0.0|INFORM|Opened Shape File 'D:\SIG\Dropbox (Vélo&Territoires)\1_ON3V\NAS\06_CARTES_ANALYSE_ON3V\Enquête_Territoires\2019\dossier Qgis\couche ADMIN\region.shp' for input
2019-08-21 10:25:43|   3.3|  0.0|INFORM|Opened DBF File 'D:\SIG\Dropbox (Vélo&Territoires)\1_ON3V\NAS\06_CARTES_ANALYSE_ON3V\Enquête_Territoires\2019\dossier Qgis\couche ADMIN\region.dbf' for input
2019-08-21 10:25:43|   3.3|  0.0|INFORM|DBF Reader: Detected character encoding `windows-1252'
2019-08-21 10:25:43|   3.3|  0.0|INFORM|DBF File 'D:\SIG\Dropbox (Vélo&Territoires)\1_ON3V\NAS\06_CARTES_ANALYSE_ON3V\Enquête_Territoires\2019\dossier Qgis\couche ADMIN\region.dbf' has fields: ID char(24), NOM_REG char(35), INSEE_REG char(2), NOM_REG_2 char(80)
2019-08-21 10:25:43|   3.3|  0.0|INFORM|FME Configuration: Source coordinate system for reader ESRISHAPE_2[ESRISHAPE] set to `Lambert93' as read from input data
2019-08-21 10:25:43|   3.3|  0.0|INFORM|Coordinate System `Lambert93' parameters: CS_NAME=`Lambert93' DESC_NM=`Lambert-93 with RGF93 datum, whole country' DT_NAME=`RGF93' GROUP=`EUROPE' MAP_SCL=`1' MAX_LAT=`52' MAX_LNG=`10' MIN_LAT=`42' MIN_LNG=`-6' ORG_LAT=`46.5' ORG_LNG=`3' PARM1=`44' PARM2=`49' PROJ=`LM' QUAD=`1' SCL_RED=`1' SOURCE=`IGN Paris' UNIT=`METER' X_OFF=`700000' Y_OFF=`6600000' ZERO_X=`0.001' ZERO_Y=`0.001' 
2019-08-21 10:25:43|   3.3|  0.0|INFORM|Shape Reader: Bounding box of shapefile `D:\SIG\Dropbox (Vélo&Territoires)\1_ON3V\NAS\06_CARTES_ANALYSE_ON3V\Enquête_Territoires\2019\dossier Qgis\couche ADMIN\REGION' is: (-6907719.160602434,467799.4657727629),(10294090.968739795,7110478.8)
2019-08-21 10:25:43|   3.3|  0.0|INFORM|Shape Reader: Bounding box of shapefile(s) selected from folder `D:\SIG\Dropbox (Vélo&Territoires)\1_ON3V\NAS\06_CARTES_ANALYSE_ON3V\Enquête_Territoires\2019\dossier Qgis\couche ADMIN/' is: (-6907719.160602434,467799.4657727629),(10294090.968739795,7110478.8)
2019-08-21 10:25:43|   3.3|  0.0|INFORM|Creating reader for format: Esri Shapefile
2019-08-21 10:25:43|   3.3|  0.0|INFORM|Using Shape Reader to read shape files from folder `D:\SIG\Dropbox (Vélo&Territoires)\1_ON3V\NAS\06_CARTES_ANALYSE_ON3V\Enquête_Territoires\2019\dossier Qgis\couche ADMIN/'
2019-08-21 10:25:43|   3.3|  0.0|INFORM|ESRISHAPE_3 Reader: Using enhanced geometry
2019-08-21 10:25:43|   3.3|  0.0|INFORM|Shape Reader: Using simple donut geometry detection
2019-08-21 10:25:43|   3.3|  0.0|INFORM|Shape Reader: Handling numeric types with standard integer and floating point types
2019-08-21 10:25:43|   3.3|  0.0|INFORM|Shape Reader: Allowing attribute names with mixed case
2019-08-21 10:25:43|   3.3|  0.0|INFORM|Opened Shape File 'D:\SIG\Dropbox (Vélo&Territoires)\1_ON3V\NAS\06_CARTES_ANALYSE_ON3V\Enquête_Territoires\2019\dossier Qgis\couche ADMIN\departement.shp' for input
2019-08-21 10:25:43|   3.3|  0.0|INFORM|Opened DBF File 'D:\SIG\Dropbox (Vélo&Territoires)\1_ON3V\NAS\06_CARTES_ANALYSE_ON3V\Enquête_Territoires\2019\dossier Qgis\couche ADMIN\departement.dbf' for input
2019-08-21 10:25:43|   3.3|  0.0|INFORM|DBF Reader: Detected character encoding `windows-1252'
2019-08-21 10:25:43|   3.3|  0.0|INFORM|DBF File 'D:\SIG\Dropbox (Vélo&Territoires)\1_ON3V\NAS\06_CARTES_ANALYSE_ON3V\Enquête_Territoires\2019\dossier Qgis\couche ADMIN\departement.dbf' has fields: ID char(24), NOM_DEP char(30), INSEE_DEP char(3), INSEE_REG char(2)
2019-08-21 10:25:43|   3.3|  0.0|INFORM|FME Configuration: Source coordinate system for reader ESRISHAPE_3[ESRISHAPE] set to `Lambert93' as read from input data
2019-08-21 10:25:43|   3.3|  0.0|INFORM|Coordinate System `Lambert93' parameters: CS_NAME=`Lambert93' DESC_NM=`Lambert-93 with RGF93 datum, whole country' DT_NAME=`RGF93' GROUP=`EUROPE' MAP_SCL=`1' MAX_LAT=`52' MAX_LNG=`10' MIN_LAT=`42' MIN_LNG=`-6' ORG_LAT=`46.5' ORG_LNG=`3' PARM1=`44' PARM2=`49' PROJ=`LM' QUAD=`1' SCL_RED=`1' SOURCE=`IGN Paris' UNIT=`METER' X_OFF=`700000' Y_OFF=`6600000' ZERO_X=`0.001' ZERO_Y=`0.001' 
2019-08-21 10:25:43|   3.3|  0.0|INFORM|Shape Reader: Bounding box of shapefile `D:\SIG\Dropbox (Vélo&Territoires)\1_ON3V\NAS\06_CARTES_ANALYSE_ON3V\Enquête_Territoires\2019\dossier Qgis\couche ADMIN\DEPARTEMENT' is: (-6907719.160602434,467799.4657727629),(10294090.968739795,7110478.8)
2019-08-21 10:25:43|   3.3|  0.0|INFORM|Shape Reader: Bounding box of shapefile(s) selected from folder `D:\SIG\Dropbox (Vélo&Territoires)\1_ON3V\NAS\06_CARTES_ANALYSE_ON3V\Enquête_Territoires\2019\dossier Qgis\couche ADMIN/' is: (-6907719.160602434,467799.4657727629),(10294090.968739795,7110478.8)
2019-08-21 10:25:43|   3.3|  0.0|INFORM|MULTI_READER(MULTI_READER): Done reading 1912 features from 4 readers
2019-08-21 10:25:43|   3.3|  0.0|INFORM|Emptying factory pipeline
2019-08-21 10:25:43|   3.3|  0.0|STATS |Router and Unexpected Input Remover(RoutingFactory): Tested 1912 input feature(s), wrote 1912 output feature(s): 1912 matched merge filters, 1912 were routed to output, 0 could not be routed.
2019-08-21 10:25:43|   3.3|  0.0|STATS |Unexpected Input Remover Nuker(TeeFactory): Cloned 0 input feature(s) into 0 output feature(s)
2019-08-21 10:25:43|   3.3|  0.0|STATS |COMMUNE (ESRISHAPE_4) Splitter(TeeFactory): Cloned 0 input feature(s) into 0 output feature(s)
2019-08-21 10:25:43|   3.3|  0.0|STATS |COMMUNE_ESRISHAPE_4 Feature Counter -1 50(TeeFactory): Cloned 0 input feature(s) into 0 output feature(s)
2019-08-21 10:25:43|   3.3|  0.0|STATS |epci (ESRISHAPE_1) Splitter(TeeFactory): Cloned 1270 input feature(s) into 1270 output feature(s)
2019-08-21 10:25:43|   3.3|  0.0|STATS |epci_ESRISHAPE_1 Feature Counter -1 28(TeeFactory): Cloned 1270 input feature(s) into 1270 output feature(s)
2019-08-21 10:25:43|   3.3|  0.0|STATS |departement (ESRISHAPE_3) Splitter(TeeFactory): Cloned 101 input feature(s) into 101 output feature(s)
2019-08-21 10:25:43|   3.3|  0.0|STATS |departement_ESRISHAPE_3 Feature Counter -1 37(TeeFactory): Cloned 101 input feature(s) into 101 output feature(s)
2019-08-21 10:25:43|   3.3|  0.0|STATS |region (ESRISHAPE_2) Splitter(TeeFactory): Cloned 18 input feature(s) into 18 output feature(s)
2019-08-21 10:25:43|   3.3|  0.0|STATS |region_ESRISHAPE_2 Feature Counter -1 33(TeeFactory): Cloned 18 input feature(s) into 18 output feature(s)
2019-08-21 10:25:43|   3.3|  0.0|STATS |ENQUÊTE TERRITOIRES 2019 (XLSXR_1) Splitter(TeeFactory): Cloned 523 input feature(s) into 523 output feature(s)
2019-08-21 10:25:43|   3.3|  0.0|STATS |ENQUÊTE TERRITOIRES 2019_XLSXR_1 Feature Counter -1 6(TeeFactory): Cloned 523 input feature(s) into 523 output feature(s)
2019-08-21 10:25:43|   3.3|  0.0|STATS |FeatureJoiner_3 JOINED Splitter(TeeFactory): Cloned 0 input feature(s) into 0 output feature(s)
2019-08-21 10:25:43|   3.3|  0.0|INFORM|FeatureJoiner_3_<REJECTED> Feature Recorder -1 2147811377(RecorderFactory): Recorded 0 feature(s) to file `C:\Users\SIG\AppData\Local\Temp\wb-cache-Traitement-d11192\Principal_FeatureJoiner_3 -1 49 fo 3 _lt_REJECTED_gt_  0  4af53886ebad89f00d1efc9be32a4e3ba62e6d05.ffsupdating'
2019-08-21 10:25:43|   3.3|  0.0|STATS |FeatureJoiner_3_JOINED_0_zwzITnYNHR8= Feature Counter -1 54(TeeFactory): Cloned 0 input feature(s) into 0 output feature(s)
2019-08-21 10:25:43|   3.3|  0.0|STATS |FeatureJoiner_3_JOINED_1_W0Sfb4uWd4w= Feature Counter -1 62(TeeFactory): Cloned 0 input feature(s) into 0 output feature(s)
2019-08-21 10:25:43|   3.3|  0.0|STATS |FeatureJoiner_3_<REJECTED> Feature Counter -1 2147811377(TeeFactory): Cloned 0 input feature(s) into 0 output feature(s)
2019-08-21 10:25:43|   3.3|  0.0|STATS |FeatureJoiner_3_<Rejected>(TeeFactory): Cloned 0 input feature(s) into 0 output feature(s)
2019-08-21 10:25:43|   3.3|  0.0|STATS |FeatureJoiner_3_Joined (Disabled) Nuker(TeeFactory): Cloned 0 input feature(s) into 0 output feature(s)
2019-08-21 10:25:43|   3.3|  0.0|STATS |Reprojector_4(TeeFactory): Cloned 0 input feature(s) into 0 output feature(s)
2019-08-21 10:25:43|   3.3|  0.0|STATS |Reprojector_4_REPROJECTED Feature Counter -1 60(TeeFactory): Cloned 0 input feature(s) into 0 output feature(s)
2019-08-21 10:25:43|   3.3|  0.0|STATS |AttributeKeeper(TeeFactory): Cloned 523 input feature(s) into 523 output feature(s)
2019-08-21 10:25:43|   3.3|  0.0|STATS |AttributeKeeper_OUTPUT Feature Counter -1 7(TeeFactory): Cloned 523 input feature(s) into 523 output feature(s)
2019-08-21 10:25:43|   3.3|  0.0|STATS |AttributeValueMapper(TeeFactory): Cloned 523 input feature(s) into 523 output feature(s)
2019-08-21 10:25:43|   3.3|  0.0|STATS |AttributeValueMapper_OUTPUT Feature Counter -1 9(TeeFactory): Cloned 523 input feature(s) into 523 output feature(s)
2019-08-21 10:25:43|   3.3|  0.0|STATS |AttributeManager_OUTPUT Feature Counter -1 69(TeeFactory): Cloned 523 input feature(s) into 523 output feature(s)
2019-08-21 10:25:43|   3.3|  0.0|INFORM|Sorter_4(SortFactory): Starting sorting 523 feature(s)
2019-08-21 10:25:43|   3.3|  0.0|INFORM|Sorter_4(SortFactory): Done sorting 523 feature(s)
2019-08-21 10:25:43|   3.3|  0.0|STATS |Storing feature(s) to FME feature store file `C:\Users\SIG\AppData\Local\Temp\wb-cache-Traitement-d11192\Principal_FeatureJoiner_4 -1 27 fo 3 _lt_REJECTED_gt_  0  65e42b7634af9093cbcb6fed4e53e7a7e40a6408.ffsupdating'
2019-08-21 10:25:43|   3.4|  0.0|FATAL |The below feature caused the translation to be terminated
2019-08-21 10:25:43|   3.4|  0.0|STATS |Storing feature(s) to FME feature store file `D:\SIG\Dropbox (Vélo&Territoires)\1_ON3V\NAS\06_CARTES_ANALYSE_ON3V\Enquête_Territoires\2019\dossier Qgis\couche ADMIN\CARTE_ENKTER\Traitement_log.ffs'
2019-08-21 10:25:43|   3.4|  0.0|INFORM|+++++++++++++++++++++++++++++++++++++++++++++++++++++++++++++++++++++++++++
2019-08-21 10:25:43|   3.4|  0.0|INFORM|Feature Type: `FEATURE_TYPE'
2019-08-21 10:25:43|   3.4|  0.0|INFORM|Attribute(encoded: UTF-8): `ENKTER' has value `Oui'
2019-08-21 10:25:43|   3.4|  0.0|INFORM|Attribute(encoded: UTF-8): `Nature juridique' has value `EPCI'
2019-08-21 10:25:43|   3.4|  0.0|INFORM|Attribute(encoded: UTF-8): `PLAN' has value `NON'
2019-08-21 10:25:43|   3.4|  0.0|INFORM|Attribute(encoded: UTF-8): `Statut' has value `I'
2019-08-21 10:25:43|   3.4|  0.0|INFORM|Attribute(string)        : `fme_feature_type' has value `ENQUÊTE TERRITOIRES 2019'
2019-08-21 10:25:43|   3.4|  0.0|INFORM|Attribute(string)        : `fme_rejection_code' has value `MISSING_RIGHT_KEY'
2019-08-21 10:25:43|   3.4|  0.0|INFORM|Attribute(string)        : `fme_type' has value `fme_no_geom'
2019-08-21 10:25:43|   3.4|  0.0|INFORM|Geometry Type: Unknown (0)
2019-08-21 10:25:43|   3.4|  0.0|INFORM|===========================================================================
2019-08-21 10:25:43|   3.4|  0.0|ERROR |FeatureJoiner_4_<Rejected>(TeeFactory): FeatureJoiner_4_<Rejected>: Termination Message: 'FeatureJoiner_4 génère une entité <Rejected>. Pour continuer le traitement quand les entités sont rejetées, changer 'Paramètres du projet' > 'Traitement' > 'Gestion des entités rejetées'  en 'Continuer le traitement''
2019-08-21 10:25:43|   3.4|  0.0|ERROR |FeatureJoiner_4_<Rejected>: Termination Message: 'FeatureJoiner_4 génère une entité <Rejected>. Pour continuer le traitement quand les entités sont rejetées, changer 'Paramètres du projet' > 'Traitement' > 'Gestion des entités rejetées'  en 'Continuer le traitement''
2019-08-21 10:25:43|   3.4|  0.0|ERROR |
2019-08-21 10:25:43|   3.4|  0.0|STATS |Stored 1 feature(s) to FME feature store file `C:\Users\SIG\AppData\Local\Temp\wb-cache-Traitement-d11192\Principal_FeatureJoiner_4 -1 27 fo 3 _lt_REJECTED_gt_  0  65e42b7634af9093cbcb6fed4e53e7a7e40a6408.ffsupdating'
2019-08-21 10:25:43|   3.4|  0.0|INFORM|Saving spatial index into file 'C:\Users\SIG\AppData\Local\Temp\wb-cache-Traitement-d11192\Principal_FeatureJoiner_4 -1 27 fo 3 _lt_REJECTED_gt_  0  65e42b7634af9093cbcb6fed4e53e7a7e40a6408.fsi'
2019-08-21 10:25:43|   3.4|  0.0|INFORM|Finished saving spatial index into file 'C:\Users\SIG\AppData\Local\Temp\wb-cache-Traitement-d11192\Principal_FeatureJoiner_4 -1 27 fo 3 _lt_REJECTED_gt_  0  65e42b7634af9093cbcb6fed4e53e7a7e40a6408.fsi'
2019-08-21 10:25:43|   3.4|  0.0|ERROR |A fatal error has occurred. Check the logfile above for details
2019-08-21 10:25:43|   3.4|  0.0|INFORM|Translation FAILED with 5 error(s) and 204 warning(s) (0 feature(s) output)
2019-08-21 10:25:43|   3.4|  0.0|STATS |Stored 1 feature(s) to FME feature store file `D:\SIG\Dropbox (Vélo&Territoires)\1_ON3V\NAS\06_CARTES_ANALYSE_ON3V\Enquête_Territoires\2019\dossier Qgis\couche ADMIN\CARTE_ENKTER\Traitement_log.ffs'
2019-08-21 10:25:43|   3.4|  0.0|INFORM|FME Session Duration: 3.6 seconds. (CPU: 2.7s user, 0.5s system)
2019-08-21 10:25:43|   3.4|  0.0|INFORM|END - ProcessID: 2992, peak process memory usage: 154480 kB, current process memory usage: 87144 kB
